#
# There is insufficient memory for the Java Runtime Environment to continue.
# Native memory allocation (mmap) failed to map 383778816 bytes for G1 virtual space
# Possible reasons:
#   The system is out of physical RAM or swap space
#   The process is running with CompressedOops enabled, and the Java Heap may be blocking the growth of the native heap
# Possible solutions:
#   Reduce memory load on the system
#   Increase physical memory or swap space
#   Check if swap backing store is full
#   Decrease Java heap size (-Xmx/-Xms)
#   Decrease number of Java threads
#   Decrease Java thread stack sizes (-Xss)
#   Set larger code cache with -XX:ReservedCodeCacheSize=
#   JVM is running with Zero Based Compressed Oops mode in which the Java heap is
#     placed in the first 32GB address space. The Java Heap base address is the
#     maximum limit for the native heap growth. Please use -XX:HeapBaseMinAddress
#     to set the Java Heap base and to place the Java Heap above 32GB virtual address.
# This output file may be truncated or incomplete.
#
#  Out of Memory Error (os_windows.cpp:3617), pid=3128, tid=10800
#
# JRE version: OpenJDK Runtime Environment Temurin-17.0.8.1+1 (17.0.8.1+1) (build 17.0.8.1+1)
# Java VM: OpenJDK 64-Bit Server VM Temurin-17.0.8.1+1 (17.0.8.1+1, mixed mode, sharing, tiered, compressed oops, compressed class ptrs, g1 gc, windows-amd64)
# No core dump will be written. Minidumps are not enabled by default on client versions of Windows
#

---------------  S U M M A R Y ------------

Command Line: --add-opens=java.base/java.lang=ALL-UNNAMED --add-opens=java.base/java.lang.invoke=ALL-UNNAMED --add-opens=java.base/java.util=ALL-UNNAMED --add-opens=java.prefs/java.util.prefs=ALL-UNNAMED --add-exports=jdk.compiler/com.sun.tools.javac.api=ALL-UNNAMED --add-exports=jdk.compiler/com.sun.tools.javac.util=ALL-UNNAMED --add-opens=java.base/java.util=ALL-UNNAMED --add-opens=java.prefs/java.util.prefs=ALL-UNNAMED --add-opens=java.base/java.nio.charset=ALL-UNNAMED --add-opens=java.base/java.net=ALL-UNNAMED --add-opens=java.base/java.util.concurrent.atomic=ALL-UNNAMED --add-opens=java.xml/javax.xml.namespace=ALL-UNNAMED -Xmx4g -Dfile.encoding=UTF-8 -Duser.country=US -Duser.language=en -Duser.variant -javaagent:C:\Users\DELL\.gradle\wrapper\dists\gradle-8.11.1-bin\bpt9gzteqjrbo1mjrsomdt32c\gradle-8.11.1\lib\agents\gradle-instrumentation-agent-8.11.1.jar org.gradle.launcher.daemon.bootstrap.GradleDaemon 8.11.1

Host: 11th Gen Intel(R) Core(TM) i5-1135G7 @ 2.40GHz, 8 cores, 15G,  Windows 11 , 64 bit Build 22621 (10.0.22621.5124)
Time: Wed Apr 30 11:34:14 2025 SE Asia Standard Time elapsed time: 25.121514 seconds (0d 0h 0m 25s)

---------------  T H R E A D  ---------------

Current thread (0x00000227f4f23930):  VMThread "VM Thread" [stack: 0x000000f9c0c00000,0x000000f9c0d00000] [id=10800]

Stack: [0x000000f9c0c00000,0x000000f9c0d00000]
Native frames: (J=compiled Java code, j=interpreted, Vv=VM code, C=native code)
V  [jvm.dll+0x678b0a]
V  [jvm.dll+0x835e84]
V  [jvm.dll+0x83762e]
V  [jvm.dll+0x837c93]
V  [jvm.dll+0x24746f]
V  [jvm.dll+0x675859]
V  [jvm.dll+0x66a0ea]
V  [jvm.dll+0x306c7b]
V  [jvm.dll+0x30e166]
V  [jvm.dll+0x35dd3e]
V  [jvm.dll+0x35df6f]
V  [jvm.dll+0x2ddb48]
V  [jvm.dll+0x2dbd0c]
V  [jvm.dll+0x2db2dc]
V  [jvm.dll+0x31f18b]
V  [jvm.dll+0x83c15b]
V  [jvm.dll+0x83ce94]
V  [jvm.dll+0x83d3ac]
V  [jvm.dll+0x83d784]
V  [jvm.dll+0x83d850]
V  [jvm.dll+0x7e64ca]
V  [jvm.dll+0x677955]
C  [ucrtbase.dll+0x29333]
C  [KERNEL32.DLL+0x1259d]
C  [ntdll.dll+0x5af38]

VM_Operation (0x000000f9c27f9480): G1CollectForAllocation, mode: safepoint, requested by thread 0x00000227fb509a30


---------------  P R O C E S S  ---------------

Threads class SMR info:
_java_thread_list=0x00000227f9352fe0, length=61, elements={
0x00000227cfed11f0, 0x00000227f4f26f90, 0x00000227f4f27b50, 0x00000227f911f160,
0x00000227f911fd20, 0x00000227f9124800, 0x00000227f91251c0, 0x00000227f9126570,
0x00000227f912b140, 0x00000227f9134770, 0x00000227f4f11170, 0x00000227f93a43d0,
0x00000227fa3d1940, 0x00000227fb24af80, 0x00000227fb2ff440, 0x00000227fb1e9b10,
0x00000227fb4f14e0, 0x00000227fb5071b0, 0x00000227fb509a30, 0x00000227fb5076c0,
0x00000227fb50a960, 0x00000227fb507bd0, 0x00000227fb509010, 0x00000227fb509520,
0x00000227fb509f40, 0x00000227fbcaa1f0, 0x00000227fbcad490, 0x00000227fbcacf80,
0x00000227fbcabb40, 0x00000227fbcac050, 0x00000227fbcab120, 0x00000227fbca9ce0,
0x00000227fbcaca70, 0x00000227fdc82580, 0x00000227fb5085f0, 0x00000227c10a7a80,
0x00000227c10aa300, 0x00000227c10aad20, 0x00000227c10ac160, 0x00000227c10ab740,
0x00000227c10a7f90, 0x00000227c10ab230, 0x00000227c10aa810, 0x00000227c10abc50,
0x00000227c10adab0, 0x00000227c10a9df0, 0x00000227c10ad090, 0x00000227c10ac670,
0x00000227c10a93d0, 0x00000227c10a7570, 0x00000227c10acb80, 0x00000227c10ad5a0,
0x00000227c10a98e0, 0x00000227c10adfc0, 0x00000227c10ae4d0, 0x00000227c16a85b0,
0x00000227c16ac780, 0x00000227c16aa410, 0x00000227c16aa920, 0x00000227c16a7680,
0x00000227ce124bd0
}

Java Threads: ( => current thread )
  0x00000227cfed11f0 JavaThread "main" [_thread_blocked, id=17048, stack(0x000000f9c0600000,0x000000f9c0700000)]
  0x00000227f4f26f90 JavaThread "Reference Handler" daemon [_thread_blocked, id=1632, stack(0x000000f9c0d00000,0x000000f9c0e00000)]
  0x00000227f4f27b50 JavaThread "Finalizer" daemon [_thread_blocked, id=6312, stack(0x000000f9c0e00000,0x000000f9c0f00000)]
  0x00000227f911f160 JavaThread "Signal Dispatcher" daemon [_thread_blocked, id=8456, stack(0x000000f9c0f00000,0x000000f9c1000000)]
  0x00000227f911fd20 JavaThread "Attach Listener" daemon [_thread_blocked, id=2856, stack(0x000000f9c1000000,0x000000f9c1100000)]
  0x00000227f9124800 JavaThread "Service Thread" daemon [_thread_blocked, id=3660, stack(0x000000f9c1100000,0x000000f9c1200000)]
  0x00000227f91251c0 JavaThread "Monitor Deflation Thread" daemon [_thread_blocked, id=16400, stack(0x000000f9c1200000,0x000000f9c1300000)]
  0x00000227f9126570 JavaThread "C2 CompilerThread0" daemon [_thread_blocked, id=1528, stack(0x000000f9c1300000,0x000000f9c1400000)]
  0x00000227f912b140 JavaThread "C1 CompilerThread0" daemon [_thread_blocked, id=2868, stack(0x000000f9c1400000,0x000000f9c1500000)]
  0x00000227f9134770 JavaThread "Sweeper thread" daemon [_thread_blocked, id=14084, stack(0x000000f9c1500000,0x000000f9c1600000)]
  0x00000227f4f11170 JavaThread "Common-Cleaner" daemon [_thread_blocked, id=16856, stack(0x000000f9c1600000,0x000000f9c1700000)]
  0x00000227f93a43d0 JavaThread "Notification Thread" daemon [_thread_blocked, id=4972, stack(0x000000f9c1700000,0x000000f9c1800000)]
  0x00000227fa3d1940 JavaThread "Daemon health stats" [_thread_blocked, id=17224, stack(0x000000f9c2100000,0x000000f9c2200000)]
  0x00000227fb24af80 JavaThread "Incoming local TCP Connector on port 5147" [_thread_in_native, id=15676, stack(0x000000f9c2200000,0x000000f9c2300000)]
  0x00000227fb2ff440 JavaThread "Daemon periodic checks" [_thread_blocked, id=628, stack(0x000000f9c2300000,0x000000f9c2400000)]
  0x00000227fb1e9b10 JavaThread "Daemon" [_thread_blocked, id=5752, stack(0x000000f9c2400000,0x000000f9c2500000)]
  0x00000227fb4f14e0 JavaThread "Handler for socket connection from /127.0.0.1:5147 to /127.0.0.1:5149" [_thread_in_native, id=996, stack(0x000000f9c2500000,0x000000f9c2600000)]
  0x00000227fb5071b0 JavaThread "Cancel handler" [_thread_blocked, id=15440, stack(0x000000f9c2600000,0x000000f9c2700000)]
  0x00000227fb509a30 JavaThread "Daemon worker" [_thread_blocked, id=3840, stack(0x000000f9c2700000,0x000000f9c2800000)]
  0x00000227fb5076c0 JavaThread "Asynchronous log dispatcher for DefaultDaemonConnection: socket connection from /127.0.0.1:5147 to /127.0.0.1:5149" [_thread_blocked, id=5820, stack(0x000000f9c2800000,0x000000f9c2900000)]
  0x00000227fb50a960 JavaThread "Stdin handler" [_thread_blocked, id=8992, stack(0x000000f9c2900000,0x000000f9c2a00000)]
  0x00000227fb507bd0 JavaThread "Daemon client event forwarder" [_thread_blocked, id=784, stack(0x000000f9c2a00000,0x000000f9c2b00000)]
  0x00000227fb509010 JavaThread "Cache worker for journal cache (C:\Users\DELL\.gradle\caches\journal-1)" [_thread_blocked, id=836, stack(0x000000f9c2b00000,0x000000f9c2c00000)]
  0x00000227fb509520 JavaThread "File lock request listener" [_thread_in_native, id=7884, stack(0x000000f9c2c00000,0x000000f9c2d00000)]
  0x00000227fb509f40 JavaThread "Cache worker for file hash cache (C:\Users\DELL\.gradle\caches\8.11.1\fileHashes)" [_thread_blocked, id=16708, stack(0x000000f9c2d00000,0x000000f9c2e00000)]
  0x00000227fbcaa1f0 JavaThread "Cache worker for file content cache (C:\Users\DELL\.gradle\caches\8.11.1\fileContent)" [_thread_blocked, id=3648, stack(0x000000f9c2e00000,0x000000f9c2f00000)]
  0x00000227fbcad490 JavaThread "Cache worker for file hash cache (D:\TTT\.gradle\8.11.1\fileHashes)" [_thread_blocked, id=12972, stack(0x000000f9c2f00000,0x000000f9c3000000)]
  0x00000227fbcacf80 JavaThread "Cache worker for Build Output Cleanup Cache (D:\TTT\.gradle\buildOutputCleanup)" [_thread_blocked, id=10312, stack(0x000000f9c3000000,0x000000f9c3100000)]
  0x00000227fbcabb40 JavaThread "File watcher server" daemon [_thread_in_native, id=2636, stack(0x000000f9c3300000,0x000000f9c3400000)]
  0x00000227fbcac050 JavaThread "File watcher consumer" daemon [_thread_blocked, id=14528, stack(0x000000f9c3400000,0x000000f9c3500000)]
  0x00000227fbcab120 JavaThread "Cache worker for checksums cache (D:\TTT\.gradle\8.11.1\checksums)" [_thread_blocked, id=15496, stack(0x000000f9c3500000,0x000000f9c3600000)]
  0x00000227fbca9ce0 JavaThread "Cache worker for cache directory md-rule (C:\Users\DELL\.gradle\caches\8.11.1\md-rule)" [_thread_blocked, id=14808, stack(0x000000f9c3600000,0x000000f9c3700000)]
  0x00000227fbcaca70 JavaThread "Cache worker for cache directory md-supplier (C:\Users\DELL\.gradle\caches\8.11.1\md-supplier)" [_thread_blocked, id=7052, stack(0x000000f9c3700000,0x000000f9c3800000)]
  0x00000227fdc82580 JavaThread "C2 CompilerThread1" daemon [_thread_blocked, id=3880, stack(0x000000f9c1900000,0x000000f9c1a00000)]
  0x00000227fb5085f0 JavaThread "Unconstrained build operations" [_thread_blocked, id=4416, stack(0x000000f9c1a00000,0x000000f9c1b00000)]
  0x00000227c10a7a80 JavaThread "Unconstrained build operations Thread 2" [_thread_blocked, id=2604, stack(0x000000f9c3f00000,0x000000f9c4000000)]
  0x00000227c10aa300 JavaThread "Unconstrained build operations Thread 3" [_thread_blocked, id=14684, stack(0x000000f9c4000000,0x000000f9c4100000)]
  0x00000227c10aad20 JavaThread "Unconstrained build operations Thread 4" [_thread_blocked, id=13016, stack(0x000000f9c4100000,0x000000f9c4200000)]
  0x00000227c10ac160 JavaThread "Unconstrained build operations Thread 5" [_thread_blocked, id=2276, stack(0x000000f9c4200000,0x000000f9c4300000)]
  0x00000227c10ab740 JavaThread "Unconstrained build operations Thread 6" [_thread_blocked, id=17340, stack(0x000000f9c4300000,0x000000f9c4400000)]
  0x00000227c10a7f90 JavaThread "Unconstrained build operations Thread 7" [_thread_blocked, id=10252, stack(0x000000f9c4400000,0x000000f9c4500000)]
  0x00000227c10ab230 JavaThread "Unconstrained build operations Thread 8" [_thread_blocked, id=1524, stack(0x000000f9c4600000,0x000000f9c4700000)]
  0x00000227c10aa810 JavaThread "Unconstrained build operations Thread 9" [_thread_blocked, id=15028, stack(0x000000f9c4700000,0x000000f9c4800000)]
  0x00000227c10abc50 JavaThread "Unconstrained build operations Thread 10" [_thread_blocked, id=15668, stack(0x000000f9c4800000,0x000000f9c4900000)]
  0x00000227c10adab0 JavaThread "Unconstrained build operations Thread 11" [_thread_blocked, id=15928, stack(0x000000f9c4900000,0x000000f9c4a00000)]
  0x00000227c10a9df0 JavaThread "Unconstrained build operations Thread 12" [_thread_blocked, id=15840, stack(0x000000f9c4a00000,0x000000f9c4b00000)]
  0x00000227c10ad090 JavaThread "Unconstrained build operations Thread 13" [_thread_blocked, id=12544, stack(0x000000f9c4b00000,0x000000f9c4c00000)]
  0x00000227c10ac670 JavaThread "Unconstrained build operations Thread 14" [_thread_blocked, id=12864, stack(0x000000f9c4c00000,0x000000f9c4d00000)]
  0x00000227c10a93d0 JavaThread "Unconstrained build operations Thread 15" [_thread_blocked, id=14144, stack(0x000000f9c4d00000,0x000000f9c4e00000)]
  0x00000227c10a7570 JavaThread "Unconstrained build operations Thread 16" [_thread_blocked, id=8392, stack(0x000000f9c4e00000,0x000000f9c4f00000)]
  0x00000227c10acb80 JavaThread "Unconstrained build operations Thread 17" [_thread_blocked, id=3144, stack(0x000000f9c4f00000,0x000000f9c5000000)]
  0x00000227c10ad5a0 JavaThread "Unconstrained build operations Thread 18" [_thread_blocked, id=16908, stack(0x000000f9c5000000,0x000000f9c5100000)]
  0x00000227c10a98e0 JavaThread "Unconstrained build operations Thread 19" [_thread_blocked, id=7488, stack(0x000000f9c5100000,0x000000f9c5200000)]
  0x00000227c10adfc0 JavaThread "Unconstrained build operations Thread 20" [_thread_blocked, id=17072, stack(0x000000f9c5200000,0x000000f9c5300000)]
  0x00000227c10ae4d0 JavaThread "Unconstrained build operations Thread 21" [_thread_blocked, id=10364, stack(0x000000f9c5300000,0x000000f9c5400000)]
  0x00000227c16a85b0 JavaThread "Memory manager" [_thread_blocked, id=9864, stack(0x000000f9c4500000,0x000000f9c4600000)]
  0x00000227c16ac780 JavaThread "build event listener" [_thread_blocked, id=16008, stack(0x000000f9c5400000,0x000000f9c5500000)]
  0x00000227c16aa410 JavaThread "Problems report writer" [_thread_blocked, id=8484, stack(0x000000f9c5500000,0x000000f9c5600000)]
  0x00000227c16aa920 JavaThread "build event listener" [_thread_blocked, id=12896, stack(0x000000f9c5600000,0x000000f9c5700000)]
  0x00000227c16a7680 JavaThread "build event listener" [_thread_blocked, id=16560, stack(0x000000f9c5700000,0x000000f9c5800000)]
  0x00000227ce124bd0 JavaThread "C2 CompilerThread2" daemon [_thread_blocked, id=13048, stack(0x000000f9c5800000,0x000000f9c5900000)]

Other Threads:
=>0x00000227f4f23930 VMThread "VM Thread" [stack: 0x000000f9c0c00000,0x000000f9c0d00000] [id=10800]
  0x00000227f92d14d0 WatcherThread [stack: 0x000000f9c1800000,0x000000f9c1900000] [id=17320]
  0x00000227cff3d4e0 GCTaskThread "GC Thread#0" [stack: 0x000000f9c0700000,0x000000f9c0800000] [id=13220]
  0x00000227f9ac54f0 GCTaskThread "GC Thread#1" [stack: 0x000000f9c1b00000,0x000000f9c1c00000] [id=1032]
  0x00000227f9405f90 GCTaskThread "GC Thread#2" [stack: 0x000000f9c1c00000,0x000000f9c1d00000] [id=9860]
  0x00000227f9406250 GCTaskThread "GC Thread#3" [stack: 0x000000f9c1d00000,0x000000f9c1e00000] [id=3740]
  0x00000227f95f8c00 GCTaskThread "GC Thread#4" [stack: 0x000000f9c1e00000,0x000000f9c1f00000] [id=15940]
  0x00000227f946baa0 GCTaskThread "GC Thread#5" [stack: 0x000000f9c1f00000,0x000000f9c2000000] [id=7980]
  0x00000227f946b7e0 GCTaskThread "GC Thread#6" [stack: 0x000000f9c2000000,0x000000f9c2100000] [id=8492]
  0x00000227f946c2e0 GCTaskThread "GC Thread#7" [stack: 0x000000f9c3100000,0x000000f9c3200000] [id=14812]
  0x00000227cff4e430 ConcurrentGCThread "G1 Main Marker" [stack: 0x000000f9c0800000,0x000000f9c0900000] [id=15032]
  0x00000227cff4fe50 ConcurrentGCThread "G1 Conc#0" [stack: 0x000000f9c0900000,0x000000f9c0a00000] [id=4872]
  0x00000227f946c5a0 ConcurrentGCThread "G1 Conc#1" [stack: 0x000000f9c3200000,0x000000f9c3300000] [id=15380]
  0x00000227f4ddb970 ConcurrentGCThread "G1 Refine#0" [stack: 0x000000f9c0a00000,0x000000f9c0b00000] [id=13268]
  0x00000227fcf92ea0 ConcurrentGCThread "G1 Refine#1" [stack: 0x000000f9c3800000,0x000000f9c3900000] [id=14264]
  0x00000227fd01fe60 ConcurrentGCThread "G1 Refine#2" [stack: 0x000000f9c3900000,0x000000f9c3a00000] [id=16396]
  0x00000227ff430370 ConcurrentGCThread "G1 Refine#3" [stack: 0x000000f9c3a00000,0x000000f9c3b00000] [id=10868]
  0x00000227ff430660 ConcurrentGCThread "G1 Refine#4" [stack: 0x000000f9c3b00000,0x000000f9c3c00000] [id=9788]
  0x00000227ff430c40 ConcurrentGCThread "G1 Refine#5" [stack: 0x000000f9c3c00000,0x000000f9c3d00000] [id=16968]
  0x00000227ff431220 ConcurrentGCThread "G1 Refine#6" [stack: 0x000000f9c3d00000,0x000000f9c3e00000] [id=1196]
  0x00000227ff430950 ConcurrentGCThread "G1 Refine#7" [stack: 0x000000f9c3e00000,0x000000f9c3f00000] [id=17380]
  0x00000227f4ddc3a0 ConcurrentGCThread "G1 Service" [stack: 0x000000f9c0b00000,0x000000f9c0c00000] [id=7352]

Threads with active compile tasks:
C2 CompilerThread0    25139 19891       4       java.lang.Class::annotationData (44 bytes)
C2 CompilerThread2    25139 19876       4       org.objectweb.asm.Type::appendDescriptor (185 bytes)

VM state: at safepoint (normal execution)

VM Mutex/Monitor currently owned by a thread:  ([mutex/lock_event])
[0x00000227cfeccbe0] Threads_lock - owner thread: 0x00000227f4f23930
[0x00000227cfecd570] Heap_lock - owner thread: 0x00000227fb509a30

Heap address: 0x0000000700000000, size: 4096 MB, Compressed Oops mode: Zero based, Oop shift amount: 3

CDS archive(s) mapped at: [0x0000022780000000-0x0000022780bd0000-0x0000022780bd0000), size 12386304, SharedBaseAddress: 0x0000022780000000, ArchiveRelocationMode: 1.
Compressed class space mapped at: 0x0000022781000000-0x00000227c1000000, reserved size: 1073741824
Narrow klass base: 0x0000022780000000, Narrow klass shift: 0, Narrow klass range: 0x100000000

GC Precious Log:
 CPUs: 8 total, 8 available
 Memory: 16106M
 Large Page Support: Disabled
 NUMA Support: Disabled
 Compressed Oops: Enabled (Zero based)
 Heap Region Size: 2M
 Heap Min Capacity: 8M
 Heap Initial Capacity: 252M
 Heap Max Capacity: 4G
 Pre-touch: Disabled
 Parallel Workers: 8
 Concurrent Workers: 2
 Concurrent Refinement Workers: 8
 Periodic GC: Disabled

Heap:
 garbage-first heap   total 401408K, used 179913K [0x0000000700000000, 0x0000000800000000)
  region size 2048K, 4 young (8192K), 4 survivors (8192K)
 Metaspace       used 152214K, committed 153216K, reserved 1245184K
  class space    used 19676K, committed 20160K, reserved 1048576K

Heap Regions: E=young(eden), S=young(survivor), O=old, HS=humongous(starts), HC=humongous(continues), CS=collection set, F=free, OA=open archive, CA=closed archive, TAMS=top-at-mark-start (previous, next)
|   0|0x0000000700000000, 0x0000000700200000, 0x0000000700200000|100%|HS|  |TAMS 0x0000000700200000, 0x0000000700000000| Complete 
|   1|0x0000000700200000, 0x0000000700400000, 0x0000000700400000|100%|HC|  |TAMS 0x0000000700400000, 0x0000000700200000| Complete 
|   2|0x0000000700400000, 0x0000000700600000, 0x0000000700600000|100%| O|  |TAMS 0x0000000700600000, 0x0000000700400000| Untracked 
|   3|0x0000000700600000, 0x0000000700800000, 0x0000000700800000|100%| O|  |TAMS 0x0000000700800000, 0x0000000700600000| Untracked 
|   4|0x0000000700800000, 0x0000000700a00000, 0x0000000700a00000|100%| O|  |TAMS 0x0000000700a00000, 0x0000000700800000| Untracked 
|   5|0x0000000700a00000, 0x0000000700c00000, 0x0000000700c00000|100%| O|  |TAMS 0x0000000700c00000, 0x0000000700a00000| Untracked 
|   6|0x0000000700c00000, 0x0000000700e00000, 0x0000000700e00000|100%| O|  |TAMS 0x0000000700e00000, 0x0000000700c00000| Untracked 
|   7|0x0000000700e00000, 0x0000000701000000, 0x0000000701000000|100%| O|  |TAMS 0x0000000701000000, 0x0000000700e00000| Untracked 
|   8|0x0000000701000000, 0x0000000701200000, 0x0000000701200000|100%| O|  |TAMS 0x0000000701200000, 0x0000000701000000| Untracked 
|   9|0x0000000701200000, 0x0000000701400000, 0x0000000701400000|100%| O|  |TAMS 0x0000000701400000, 0x0000000701200000| Untracked 
|  10|0x0000000701400000, 0x0000000701600000, 0x0000000701600000|100%| O|  |TAMS 0x0000000701600000, 0x0000000701400000| Untracked 
|  11|0x0000000701600000, 0x0000000701800000, 0x0000000701800000|100%| O|  |TAMS 0x0000000701800000, 0x0000000701600000| Untracked 
|  12|0x0000000701800000, 0x0000000701a00000, 0x0000000701a00000|100%| O|  |TAMS 0x0000000701a00000, 0x0000000701800000| Untracked 
|  13|0x0000000701a00000, 0x0000000701c00000, 0x0000000701c00000|100%| O|  |TAMS 0x0000000701c00000, 0x0000000701a00000| Untracked 
|  14|0x0000000701c00000, 0x0000000701e00000, 0x0000000701e00000|100%| O|  |TAMS 0x0000000701e00000, 0x0000000701c00000| Untracked 
|  15|0x0000000701e00000, 0x0000000702000000, 0x0000000702000000|100%| O|  |TAMS 0x0000000702000000, 0x0000000701e00000| Untracked 
|  16|0x0000000702000000, 0x0000000702200000, 0x0000000702200000|100%| O|  |TAMS 0x0000000702200000, 0x0000000702000000| Untracked 
|  17|0x0000000702200000, 0x0000000702400000, 0x0000000702400000|100%| O|  |TAMS 0x0000000702400000, 0x0000000702200000| Untracked 
|  18|0x0000000702400000, 0x0000000702600000, 0x0000000702600000|100%| O|  |TAMS 0x0000000702600000, 0x0000000702400000| Untracked 
|  19|0x0000000702600000, 0x0000000702600000, 0x0000000702800000|  0%| F|  |TAMS 0x0000000702600000, 0x0000000702600000| Untracked 
|  20|0x0000000702800000, 0x0000000702800000, 0x0000000702a00000|  0%| F|  |TAMS 0x0000000702800000, 0x0000000702800000| Untracked 
|  21|0x0000000702a00000, 0x0000000702a00000, 0x0000000702c00000|  0%| F|  |TAMS 0x0000000702a00000, 0x0000000702a00000| Untracked 
|  22|0x0000000702c00000, 0x0000000702e00000, 0x0000000702e00000|100%| O|  |TAMS 0x0000000702e00000, 0x0000000702c00000| Untracked 
|  23|0x0000000702e00000, 0x0000000703000000, 0x0000000703000000|100%| O|  |TAMS 0x0000000703000000, 0x0000000702e00000| Untracked 
|  24|0x0000000703000000, 0x0000000703200000, 0x0000000703200000|100%| O|  |TAMS 0x0000000703200000, 0x0000000703000000| Untracked 
|  25|0x0000000703200000, 0x0000000703400000, 0x0000000703400000|100%| O|  |TAMS 0x0000000703400000, 0x0000000703200000| Untracked 
|  26|0x0000000703400000, 0x0000000703600000, 0x0000000703600000|100%| O|  |TAMS 0x0000000703600000, 0x0000000703400000| Untracked 
|  27|0x0000000703600000, 0x0000000703800000, 0x0000000703800000|100%| O|  |TAMS 0x0000000703800000, 0x0000000703600000| Untracked 
|  28|0x0000000703800000, 0x0000000703a00000, 0x0000000703a00000|100%| O|  |TAMS 0x0000000703a00000, 0x0000000703800000| Untracked 
|  29|0x0000000703a00000, 0x0000000703c00000, 0x0000000703c00000|100%| O|  |TAMS 0x0000000703c00000, 0x0000000703a00000| Untracked 
|  30|0x0000000703c00000, 0x0000000703e00000, 0x0000000703e00000|100%| O|  |TAMS 0x0000000703e00000, 0x0000000703c00000| Untracked 
|  31|0x0000000703e00000, 0x0000000704000000, 0x0000000704000000|100%| O|  |TAMS 0x0000000704000000, 0x0000000703e00000| Untracked 
|  32|0x0000000704000000, 0x0000000704200000, 0x0000000704200000|100%| O|  |TAMS 0x0000000704200000, 0x0000000704000000| Untracked 
|  33|0x0000000704200000, 0x0000000704400000, 0x0000000704400000|100%| O|  |TAMS 0x0000000704400000, 0x0000000704200000| Untracked 
|  34|0x0000000704400000, 0x0000000704400000, 0x0000000704600000|  0%| F|  |TAMS 0x0000000704400000, 0x0000000704400000| Untracked 
|  35|0x0000000704600000, 0x0000000704800000, 0x0000000704800000|100%| O|  |TAMS 0x0000000704800000, 0x0000000704600000| Untracked 
|  36|0x0000000704800000, 0x0000000704a00000, 0x0000000704a00000|100%| O|  |TAMS 0x0000000704a00000, 0x0000000704800000| Untracked 
|  37|0x0000000704a00000, 0x0000000704c00000, 0x0000000704c00000|100%| O|  |TAMS 0x0000000704c00000, 0x0000000704a00000| Untracked 
|  38|0x0000000704c00000, 0x0000000704c00000, 0x0000000704e00000|  0%| F|  |TAMS 0x0000000704c00000, 0x0000000704c00000| Untracked 
|  39|0x0000000704e00000, 0x0000000705000000, 0x0000000705000000|100%| O|  |TAMS 0x0000000704e00000, 0x0000000704e00000| Untracked 
|  40|0x0000000705000000, 0x0000000705200000, 0x0000000705200000|100%| O|  |TAMS 0x0000000705000000, 0x0000000705000000| Untracked 
|  41|0x0000000705200000, 0x0000000705400000, 0x0000000705400000|100%| O|  |TAMS 0x0000000705200000, 0x0000000705200000| Untracked 
|  42|0x0000000705400000, 0x0000000705600000, 0x0000000705600000|100%| O|  |TAMS 0x0000000705600000, 0x0000000705400000| Untracked 
|  43|0x0000000705600000, 0x0000000705800000, 0x0000000705800000|100%| O|  |TAMS 0x0000000705800000, 0x0000000705600000| Untracked 
|  44|0x0000000705800000, 0x0000000705a00000, 0x0000000705a00000|100%| O|  |TAMS 0x0000000705a00000, 0x0000000705800000| Untracked 
|  45|0x0000000705a00000, 0x0000000705a00000, 0x0000000705c00000|  0%| F|  |TAMS 0x0000000705a00000, 0x0000000705a00000| Untracked 
|  46|0x0000000705c00000, 0x0000000705e00000, 0x0000000705e00000|100%|HS|  |TAMS 0x0000000705e00000, 0x0000000705c00000| Complete 
|  47|0x0000000705e00000, 0x0000000706000000, 0x0000000706000000|100%|HS|  |TAMS 0x0000000706000000, 0x0000000705e00000| Complete 
|  48|0x0000000706000000, 0x0000000706200000, 0x0000000706200000|100%|HC|  |TAMS 0x0000000706200000, 0x0000000706000000| Complete 
|  49|0x0000000706200000, 0x0000000706400000, 0x0000000706400000|100%| O|  |TAMS 0x0000000706400000, 0x0000000706200000| Untracked 
|  50|0x0000000706400000, 0x0000000706600000, 0x0000000706600000|100%| O|  |TAMS 0x0000000706600000, 0x0000000706400000| Untracked 
|  51|0x0000000706600000, 0x0000000706800000, 0x0000000706800000|100%| O|  |TAMS 0x0000000706800000, 0x0000000706600000| Untracked 
|  52|0x0000000706800000, 0x0000000706a00000, 0x0000000706a00000|100%| O|  |TAMS 0x0000000706a00000, 0x0000000706800000| Untracked 
|  53|0x0000000706a00000, 0x0000000706c00000, 0x0000000706c00000|100%| O|  |TAMS 0x0000000706c00000, 0x0000000706a00000| Untracked 
|  54|0x0000000706c00000, 0x0000000706e00000, 0x0000000706e00000|100%|HS|  |TAMS 0x0000000706e00000, 0x0000000706c00000| Complete 
|  55|0x0000000706e00000, 0x0000000707000000, 0x0000000707000000|100%| O|  |TAMS 0x0000000707000000, 0x0000000706e00000| Untracked 
|  56|0x0000000707000000, 0x0000000707200000, 0x0000000707200000|100%| O|  |TAMS 0x0000000707200000, 0x0000000707000000| Untracked 
|  57|0x0000000707200000, 0x0000000707400000, 0x0000000707400000|100%| O|  |TAMS 0x0000000707400000, 0x0000000707200000| Untracked 
|  58|0x0000000707400000, 0x0000000707600000, 0x0000000707600000|100%| O|  |TAMS 0x0000000707600000, 0x0000000707400000| Untracked 
|  59|0x0000000707600000, 0x0000000707800000, 0x0000000707800000|100%| O|  |TAMS 0x0000000707800000, 0x0000000707600000| Untracked 
|  60|0x0000000707800000, 0x0000000707a00000, 0x0000000707a00000|100%| O|  |TAMS 0x0000000707a00000, 0x0000000707800000| Untracked 
|  61|0x0000000707a00000, 0x0000000707c00000, 0x0000000707c00000|100%| O|  |TAMS 0x0000000707c00000, 0x0000000707a00000| Untracked 
|  62|0x0000000707c00000, 0x0000000707e00000, 0x0000000707e00000|100%| O|  |TAMS 0x0000000707e00000, 0x0000000707c00000| Untracked 
|  63|0x0000000707e00000, 0x0000000708000000, 0x0000000708000000|100%| O|  |TAMS 0x0000000708000000, 0x0000000707e00000| Untracked 
|  64|0x0000000708000000, 0x0000000708200000, 0x0000000708200000|100%| O|  |TAMS 0x0000000708200000, 0x0000000708000000| Untracked 
|  65|0x0000000708200000, 0x0000000708400000, 0x0000000708400000|100%| O|  |TAMS 0x0000000708400000, 0x0000000708200000| Untracked 
|  66|0x0000000708400000, 0x0000000708600000, 0x0000000708600000|100%| O|  |TAMS 0x0000000708600000, 0x0000000708400000| Untracked 
|  67|0x0000000708600000, 0x0000000708800000, 0x0000000708800000|100%| O|  |TAMS 0x0000000708800000, 0x0000000708600000| Untracked 
|  68|0x0000000708800000, 0x0000000708a00000, 0x0000000708a00000|100%| O|  |TAMS 0x0000000708a00000, 0x0000000708800000| Untracked 
|  69|0x0000000708a00000, 0x0000000708c00000, 0x0000000708c00000|100%| O|  |TAMS 0x0000000708c00000, 0x0000000708a00000| Untracked 
|  70|0x0000000708c00000, 0x0000000708c00000, 0x0000000708e00000|  0%| F|  |TAMS 0x0000000708c00000, 0x0000000708c00000| Untracked 
|  71|0x0000000708e00000, 0x0000000708e00000, 0x0000000709000000|  0%| F|  |TAMS 0x0000000708e00000, 0x0000000708e00000| Untracked 
|  72|0x0000000709000000, 0x0000000709200000, 0x0000000709200000|100%| O|  |TAMS 0x0000000709000000, 0x0000000709000000| Untracked 
|  73|0x0000000709200000, 0x0000000709200000, 0x0000000709400000|  0%| F|  |TAMS 0x0000000709200000, 0x0000000709200000| Untracked 
|  74|0x0000000709400000, 0x0000000709400000, 0x0000000709600000|  0%| F|  |TAMS 0x0000000709400000, 0x0000000709400000| Untracked 
|  75|0x0000000709600000, 0x0000000709800000, 0x0000000709800000|100%| O|  |TAMS 0x0000000709800000, 0x0000000709600000| Untracked 
|  76|0x0000000709800000, 0x0000000709a00000, 0x0000000709a00000|100%|HS|  |TAMS 0x0000000709a00000, 0x0000000709800000| Complete 
|  77|0x0000000709a00000, 0x0000000709c00000, 0x0000000709c00000|100%|HC|  |TAMS 0x0000000709c00000, 0x0000000709a00000| Complete 
|  78|0x0000000709c00000, 0x0000000709e00000, 0x0000000709e00000|100%| O|  |TAMS 0x0000000709e00000, 0x0000000709c00000| Untracked 
|  79|0x0000000709e00000, 0x000000070a000000, 0x000000070a000000|100%| O|  |TAMS 0x000000070a000000, 0x0000000709e00000| Untracked 
|  80|0x000000070a000000, 0x000000070a200000, 0x000000070a200000|100%| O|  |TAMS 0x000000070a200000, 0x000000070a000000| Untracked 
|  81|0x000000070a200000, 0x000000070a400000, 0x000000070a400000|100%| O|  |TAMS 0x000000070a400000, 0x000000070a200000| Untracked 
|  82|0x000000070a400000, 0x000000070a600000, 0x000000070a600000|100%| O|  |TAMS 0x000000070a600000, 0x000000070a400000| Untracked 
|  83|0x000000070a600000, 0x000000070a800000, 0x000000070a800000|100%| O|  |TAMS 0x000000070a800000, 0x000000070a600000| Untracked 
|  84|0x000000070a800000, 0x000000070aa00000, 0x000000070aa00000|100%| O|  |TAMS 0x000000070aa00000, 0x000000070a800000| Untracked 
|  85|0x000000070aa00000, 0x000000070ac00000, 0x000000070ac00000|100%| O|  |TAMS 0x000000070aabf800, 0x000000070aa00000| Untracked 
|  86|0x000000070ac00000, 0x000000070ae00000, 0x000000070ae00000|100%| O|  |TAMS 0x000000070ac00000, 0x000000070ac00000| Untracked 
|  87|0x000000070ae00000, 0x000000070b000000, 0x000000070b000000|100%| O|  |TAMS 0x000000070ae00000, 0x000000070ae00000| Untracked 
|  88|0x000000070b000000, 0x000000070b200000, 0x000000070b200000|100%| O|  |TAMS 0x000000070b000000, 0x000000070b000000| Untracked 
|  89|0x000000070b200000, 0x000000070b400000, 0x000000070b400000|100%| O|  |TAMS 0x000000070b200000, 0x000000070b200000| Untracked 
|  90|0x000000070b400000, 0x000000070b600000, 0x000000070b600000|100%| O|  |TAMS 0x000000070b400000, 0x000000070b400000| Untracked 
|  91|0x000000070b600000, 0x000000070b800000, 0x000000070b800000|100%| O|  |TAMS 0x000000070b600000, 0x000000070b600000| Untracked 
|  92|0x000000070b800000, 0x000000070ba00000, 0x000000070ba00000|100%| O|  |TAMS 0x000000070b800000, 0x000000070b800000| Untracked 
|  93|0x000000070ba00000, 0x000000070bbe9a00, 0x000000070bc00000| 95%| O|  |TAMS 0x000000070ba00000, 0x000000070ba00000| Untracked 
|  94|0x000000070bc00000, 0x000000070bc00000, 0x000000070be00000|  0%| F|  |TAMS 0x000000070bc00000, 0x000000070bc00000| Untracked 
|  95|0x000000070be00000, 0x000000070be00000, 0x000000070c000000|  0%| F|  |TAMS 0x000000070be00000, 0x000000070be00000| Untracked 
|  96|0x000000070c000000, 0x000000070c000000, 0x000000070c200000|  0%| F|  |TAMS 0x000000070c000000, 0x000000070c000000| Untracked 
|  97|0x000000070c200000, 0x000000070c200000, 0x000000070c400000|  0%| F|  |TAMS 0x000000070c200000, 0x000000070c200000| Untracked 
|  98|0x000000070c400000, 0x000000070c400000, 0x000000070c600000|  0%| F|  |TAMS 0x000000070c400000, 0x000000070c400000| Untracked 
|  99|0x000000070c600000, 0x000000070c600000, 0x000000070c800000|  0%| F|  |TAMS 0x000000070c600000, 0x000000070c600000| Untracked 
| 100|0x000000070c800000, 0x000000070c800000, 0x000000070ca00000|  0%| F|  |TAMS 0x000000070c800000, 0x000000070c800000| Untracked 
| 101|0x000000070ca00000, 0x000000070ca00000, 0x000000070cc00000|  0%| F|  |TAMS 0x000000070ca00000, 0x000000070ca00000| Untracked 
| 102|0x000000070cc00000, 0x000000070cc00000, 0x000000070ce00000|  0%| F|  |TAMS 0x000000070cc00000, 0x000000070cc00000| Untracked 
| 103|0x000000070ce00000, 0x000000070ce00000, 0x000000070d000000|  0%| F|  |TAMS 0x000000070ce00000, 0x000000070ce00000| Untracked 
| 104|0x000000070d000000, 0x000000070d000000, 0x000000070d200000|  0%| F|  |TAMS 0x000000070d000000, 0x000000070d000000| Untracked 
| 105|0x000000070d200000, 0x000000070d200000, 0x000000070d400000|  0%| F|  |TAMS 0x000000070d200000, 0x000000070d200000| Untracked 
| 106|0x000000070d400000, 0x000000070d400000, 0x000000070d600000|  0%| F|  |TAMS 0x000000070d400000, 0x000000070d400000| Untracked 
| 107|0x000000070d600000, 0x000000070d600000, 0x000000070d800000|  0%| F|  |TAMS 0x000000070d600000, 0x000000070d600000| Untracked 
| 108|0x000000070d800000, 0x000000070d800000, 0x000000070da00000|  0%| F|  |TAMS 0x000000070d800000, 0x000000070d800000| Untracked 
| 109|0x000000070da00000, 0x000000070da00000, 0x000000070dc00000|  0%| F|  |TAMS 0x000000070da00000, 0x000000070da00000| Untracked 
| 110|0x000000070dc00000, 0x000000070dc00000, 0x000000070de00000|  0%| F|  |TAMS 0x000000070dc00000, 0x000000070dc00000| Untracked 
| 111|0x000000070de00000, 0x000000070de00000, 0x000000070e000000|  0%| F|  |TAMS 0x000000070de00000, 0x000000070de00000| Untracked 
| 112|0x000000070e000000, 0x000000070e000000, 0x000000070e200000|  0%| F|  |TAMS 0x000000070e000000, 0x000000070e000000| Untracked 
| 113|0x000000070e200000, 0x000000070e200000, 0x000000070e400000|  0%| F|  |TAMS 0x000000070e200000, 0x000000070e200000| Untracked 
| 114|0x000000070e400000, 0x000000070e400000, 0x000000070e600000|  0%| F|  |TAMS 0x000000070e400000, 0x000000070e400000| Untracked 
| 115|0x000000070e600000, 0x000000070e600000, 0x000000070e800000|  0%| F|  |TAMS 0x000000070e600000, 0x000000070e600000| Untracked 
| 116|0x000000070e800000, 0x000000070e800000, 0x000000070ea00000|  0%| F|  |TAMS 0x000000070e800000, 0x000000070e800000| Untracked 
| 117|0x000000070ea00000, 0x000000070ea00000, 0x000000070ec00000|  0%| F|  |TAMS 0x000000070ea00000, 0x000000070ea00000| Untracked 
| 118|0x000000070ec00000, 0x000000070ec00000, 0x000000070ee00000|  0%| F|  |TAMS 0x000000070ec00000, 0x000000070ec00000| Untracked 
| 119|0x000000070ee00000, 0x000000070ee00000, 0x000000070f000000|  0%| F|  |TAMS 0x000000070ee00000, 0x000000070ee00000| Untracked 
| 120|0x000000070f000000, 0x000000070f000000, 0x000000070f200000|  0%| F|  |TAMS 0x000000070f000000, 0x000000070f000000| Untracked 
| 121|0x000000070f200000, 0x000000070f200000, 0x000000070f400000|  0%| F|  |TAMS 0x000000070f200000, 0x000000070f200000| Untracked 
| 122|0x000000070f400000, 0x000000070f5c8d30, 0x000000070f600000| 89%| S|CS|TAMS 0x000000070f400000, 0x000000070f400000| Complete 
| 123|0x000000070f600000, 0x000000070f800000, 0x000000070f800000|100%| S|CS|TAMS 0x000000070f600000, 0x000000070f600000| Complete 
| 124|0x000000070f800000, 0x000000070fa00000, 0x000000070fa00000|100%| S|CS|TAMS 0x000000070f800000, 0x000000070f800000| Complete 
| 125|0x000000070fa00000, 0x000000070fc00000, 0x000000070fc00000|100%| S|CS|TAMS 0x000000070fa00000, 0x000000070fa00000| Complete 
| 126|0x000000070fc00000, 0x000000070fc00000, 0x000000070fe00000|  0%| F|  |TAMS 0x000000070fc00000, 0x000000070fc00000| Untracked 
| 127|0x000000070fe00000, 0x000000070fe00000, 0x0000000710000000|  0%| F|  |TAMS 0x000000070fe00000, 0x000000070fe00000| Untracked 
| 128|0x0000000710000000, 0x0000000710000000, 0x0000000710200000|  0%| F|  |TAMS 0x0000000710000000, 0x0000000710000000| Untracked 
| 129|0x0000000710200000, 0x0000000710200000, 0x0000000710400000|  0%| F|  |TAMS 0x0000000710200000, 0x0000000710200000| Untracked 
| 130|0x0000000710400000, 0x0000000710400000, 0x0000000710600000|  0%| F|  |TAMS 0x0000000710400000, 0x0000000710400000| Untracked 
| 131|0x0000000710600000, 0x0000000710600000, 0x0000000710800000|  0%| F|  |TAMS 0x0000000710600000, 0x0000000710600000| Untracked 
| 132|0x0000000710800000, 0x0000000710800000, 0x0000000710a00000|  0%| F|  |TAMS 0x0000000710800000, 0x0000000710800000| Untracked 
| 133|0x0000000710a00000, 0x0000000710a00000, 0x0000000710c00000|  0%| F|  |TAMS 0x0000000710a00000, 0x0000000710a00000| Untracked 
| 134|0x0000000710c00000, 0x0000000710c00000, 0x0000000710e00000|  0%| F|  |TAMS 0x0000000710c00000, 0x0000000710c00000| Untracked 
| 135|0x0000000710e00000, 0x0000000710e00000, 0x0000000711000000|  0%| F|  |TAMS 0x0000000710e00000, 0x0000000710e00000| Untracked 
| 136|0x0000000711000000, 0x0000000711000000, 0x0000000711200000|  0%| F|  |TAMS 0x0000000711000000, 0x0000000711000000| Untracked 
| 137|0x0000000711200000, 0x0000000711200000, 0x0000000711400000|  0%| F|  |TAMS 0x0000000711200000, 0x0000000711200000| Untracked 
| 138|0x0000000711400000, 0x0000000711400000, 0x0000000711600000|  0%| F|  |TAMS 0x0000000711400000, 0x0000000711400000| Untracked 
| 139|0x0000000711600000, 0x0000000711600000, 0x0000000711800000|  0%| F|  |TAMS 0x0000000711600000, 0x0000000711600000| Untracked 
| 140|0x0000000711800000, 0x0000000711800000, 0x0000000711a00000|  0%| F|  |TAMS 0x0000000711800000, 0x0000000711800000| Untracked 
| 141|0x0000000711a00000, 0x0000000711a00000, 0x0000000711c00000|  0%| F|  |TAMS 0x0000000711a00000, 0x0000000711a00000| Untracked 
| 142|0x0000000711c00000, 0x0000000711c00000, 0x0000000711e00000|  0%| F|  |TAMS 0x0000000711c00000, 0x0000000711c00000| Untracked 
| 143|0x0000000711e00000, 0x0000000711e00000, 0x0000000712000000|  0%| F|  |TAMS 0x0000000711e00000, 0x0000000711e00000| Untracked 
| 144|0x0000000712000000, 0x0000000712000000, 0x0000000712200000|  0%| F|  |TAMS 0x0000000712000000, 0x0000000712000000| Untracked 
| 145|0x0000000712200000, 0x0000000712200000, 0x0000000712400000|  0%| F|  |TAMS 0x0000000712200000, 0x0000000712200000| Untracked 
| 146|0x0000000712400000, 0x0000000712400000, 0x0000000712600000|  0%| F|  |TAMS 0x0000000712400000, 0x0000000712400000| Untracked 
| 147|0x0000000712600000, 0x0000000712600000, 0x0000000712800000|  0%| F|  |TAMS 0x0000000712600000, 0x0000000712600000| Untracked 
| 148|0x0000000712800000, 0x0000000712800000, 0x0000000712a00000|  0%| F|  |TAMS 0x0000000712800000, 0x0000000712800000| Untracked 
| 149|0x0000000712a00000, 0x0000000712a00000, 0x0000000712c00000|  0%| F|  |TAMS 0x0000000712a00000, 0x0000000712a00000| Untracked 
| 150|0x0000000712c00000, 0x0000000712c00000, 0x0000000712e00000|  0%| F|  |TAMS 0x0000000712c00000, 0x0000000712c00000| Untracked 
| 151|0x0000000712e00000, 0x0000000712e00000, 0x0000000713000000|  0%| F|  |TAMS 0x0000000712e00000, 0x0000000712e00000| Untracked 
| 152|0x0000000713000000, 0x0000000713000000, 0x0000000713200000|  0%| F|  |TAMS 0x0000000713000000, 0x0000000713000000| Untracked 
| 153|0x0000000713200000, 0x0000000713200000, 0x0000000713400000|  0%| F|  |TAMS 0x0000000713200000, 0x0000000713200000| Untracked 
| 154|0x0000000713400000, 0x0000000713400000, 0x0000000713600000|  0%| F|  |TAMS 0x0000000713400000, 0x0000000713400000| Untracked 
| 155|0x0000000713600000, 0x0000000713600000, 0x0000000713800000|  0%| F|  |TAMS 0x0000000713600000, 0x0000000713600000| Untracked 
| 156|0x0000000713800000, 0x0000000713800000, 0x0000000713a00000|  0%| F|  |TAMS 0x0000000713800000, 0x0000000713800000| Untracked 
| 157|0x0000000713a00000, 0x0000000713a00000, 0x0000000713c00000|  0%| F|  |TAMS 0x0000000713a00000, 0x0000000713a00000| Untracked 
| 158|0x0000000713c00000, 0x0000000713c00000, 0x0000000713e00000|  0%| F|  |TAMS 0x0000000713c00000, 0x0000000713c00000| Untracked 
| 159|0x0000000713e00000, 0x0000000713e00000, 0x0000000714000000|  0%| F|  |TAMS 0x0000000713e00000, 0x0000000713e00000| Untracked 
| 160|0x0000000714000000, 0x0000000714000000, 0x0000000714200000|  0%| F|  |TAMS 0x0000000714000000, 0x0000000714000000| Untracked 
| 161|0x0000000714200000, 0x0000000714200000, 0x0000000714400000|  0%| F|  |TAMS 0x0000000714200000, 0x0000000714200000| Untracked 
| 162|0x0000000714400000, 0x0000000714400000, 0x0000000714600000|  0%| F|  |TAMS 0x0000000714400000, 0x0000000714400000| Untracked 
| 163|0x0000000714600000, 0x0000000714600000, 0x0000000714800000|  0%| F|  |TAMS 0x0000000714600000, 0x0000000714600000| Untracked 
| 164|0x0000000714800000, 0x0000000714800000, 0x0000000714a00000|  0%| F|  |TAMS 0x0000000714800000, 0x0000000714800000| Untracked 
| 165|0x0000000714a00000, 0x0000000714a00000, 0x0000000714c00000|  0%| F|  |TAMS 0x0000000714a00000, 0x0000000714a00000| Untracked 
| 166|0x0000000714c00000, 0x0000000714c00000, 0x0000000714e00000|  0%| F|  |TAMS 0x0000000714c00000, 0x0000000714c00000| Untracked 
| 167|0x0000000714e00000, 0x0000000714e00000, 0x0000000715000000|  0%| F|  |TAMS 0x0000000714e00000, 0x0000000714e00000| Untracked 
| 168|0x0000000715000000, 0x0000000715000000, 0x0000000715200000|  0%| F|  |TAMS 0x0000000715000000, 0x0000000715000000| Untracked 
| 169|0x0000000715200000, 0x0000000715200000, 0x0000000715400000|  0%| F|  |TAMS 0x0000000715200000, 0x0000000715200000| Untracked 
| 170|0x0000000715400000, 0x0000000715400000, 0x0000000715600000|  0%| F|  |TAMS 0x0000000715400000, 0x0000000715400000| Untracked 
| 171|0x0000000715600000, 0x0000000715600000, 0x0000000715800000|  0%| F|  |TAMS 0x0000000715600000, 0x0000000715600000| Untracked 
| 172|0x0000000715800000, 0x0000000715800000, 0x0000000715a00000|  0%| F|  |TAMS 0x0000000715800000, 0x0000000715800000| Untracked 
| 173|0x0000000715a00000, 0x0000000715a00000, 0x0000000715c00000|  0%| F|  |TAMS 0x0000000715a00000, 0x0000000715a00000| Untracked 
| 174|0x0000000715c00000, 0x0000000715c00000, 0x0000000715e00000|  0%| F|  |TAMS 0x0000000715c00000, 0x0000000715c00000| Untracked 
| 175|0x0000000715e00000, 0x0000000715e00000, 0x0000000716000000|  0%| F|  |TAMS 0x0000000715e00000, 0x0000000715e00000| Untracked 
| 176|0x0000000716000000, 0x0000000716000000, 0x0000000716200000|  0%| F|  |TAMS 0x0000000716000000, 0x0000000716000000| Untracked 
| 177|0x0000000716200000, 0x0000000716200000, 0x0000000716400000|  0%| F|  |TAMS 0x0000000716200000, 0x0000000716200000| Untracked 
| 178|0x0000000716400000, 0x0000000716400000, 0x0000000716600000|  0%| F|  |TAMS 0x0000000716400000, 0x0000000716400000| Untracked 
| 179|0x0000000716600000, 0x0000000716600000, 0x0000000716800000|  0%| F|  |TAMS 0x0000000716600000, 0x0000000716600000| Untracked 
| 180|0x0000000716800000, 0x0000000716800000, 0x0000000716a00000|  0%| F|  |TAMS 0x0000000716800000, 0x0000000716800000| Untracked 
| 181|0x0000000716a00000, 0x0000000716a00000, 0x0000000716c00000|  0%| F|  |TAMS 0x0000000716a00000, 0x0000000716a00000| Untracked 
| 182|0x0000000716c00000, 0x0000000716c00000, 0x0000000716e00000|  0%| F|  |TAMS 0x0000000716c00000, 0x0000000716c00000| Untracked 
| 183|0x0000000716e00000, 0x0000000716e00000, 0x0000000717000000|  0%| F|  |TAMS 0x0000000716e00000, 0x0000000716e00000| Untracked 
| 184|0x0000000717000000, 0x0000000717000000, 0x0000000717200000|  0%| F|  |TAMS 0x0000000717000000, 0x0000000717000000| Untracked 
| 185|0x0000000717200000, 0x0000000717200000, 0x0000000717400000|  0%| F|  |TAMS 0x0000000717200000, 0x0000000717200000| Untracked 
| 186|0x0000000717400000, 0x0000000717400000, 0x0000000717600000|  0%| F|  |TAMS 0x0000000717400000, 0x0000000717400000| Untracked 
| 187|0x0000000717600000, 0x0000000717600000, 0x0000000717800000|  0%| F|  |TAMS 0x0000000717600000, 0x0000000717600000| Untracked 
| 188|0x0000000717800000, 0x0000000717800000, 0x0000000717a00000|  0%| F|  |TAMS 0x0000000717800000, 0x0000000717800000| Untracked 
| 189|0x0000000717a00000, 0x0000000717a00000, 0x0000000717c00000|  0%| F|  |TAMS 0x0000000717a00000, 0x0000000717a00000| Untracked 
| 190|0x0000000717c00000, 0x0000000717c00000, 0x0000000717e00000|  0%| F|  |TAMS 0x0000000717c00000, 0x0000000717c00000| Untracked 
| 191|0x0000000717e00000, 0x0000000717e00000, 0x0000000718000000|  0%| F|  |TAMS 0x0000000717e00000, 0x0000000717e00000| Untracked 
| 192|0x0000000718000000, 0x0000000718000000, 0x0000000718200000|  0%| F|  |TAMS 0x0000000718000000, 0x0000000718000000| Untracked 
| 193|0x0000000718200000, 0x0000000718200000, 0x0000000718400000|  0%| F|  |TAMS 0x0000000718200000, 0x0000000718200000| Untracked 
| 194|0x0000000718400000, 0x0000000718400000, 0x0000000718600000|  0%| F|  |TAMS 0x0000000718400000, 0x0000000718400000| Untracked 
| 195|0x0000000718600000, 0x0000000718600000, 0x0000000718800000|  0%| F|  |TAMS 0x0000000718600000, 0x0000000718600000| Untracked 

Card table byte_map: [0x00000227e9410000,0x00000227e9c10000] _byte_map_base: 0x00000227e5c10000

Marking Bits (Prev, Next): (CMBitMap*) 0x00000227cff3db40, (CMBitMap*) 0x00000227cff3db00
 Prev Bits: [0x00000227ee410000, 0x00000227f2410000)
 Next Bits: [0x00000227ea410000, 0x00000227ee410000)

Polling page: 0x00000227cff80000

Metaspace:

Usage:
  Non-class:    129.43 MB used.
      Class:     19.22 MB used.
       Both:    148.65 MB used.

Virtual space:
  Non-class space:      192.00 MB reserved,     129.94 MB ( 68%) committed,  3 nodes.
      Class space:        1.00 GB reserved,      19.69 MB (  2%) committed,  1 nodes.
             Both:        1.19 GB reserved,     149.62 MB ( 12%) committed. 

Chunk freelists:
   Non-Class:  13.83 MB
       Class:  12.27 MB
        Both:  26.09 MB

MaxMetaspaceSize: unlimited
CompressedClassSpaceSize: 1.00 GB
Initial GC threshold: 21.00 MB
Current GC threshold: 218.38 MB
CDS: on
MetaspaceReclaimPolicy: balanced
 - commit_granule_bytes: 65536.
 - commit_granule_words: 8192.
 - virtual_space_node_default_size: 8388608.
 - enlarge_chunks_in_place: 1.
 - new_chunks_are_fully_committed: 0.
 - uncommit_free_chunks: 1.
 - use_allocation_guard: 0.
 - handle_deallocations: 1.


Internal statistics:

num_allocs_failed_limit: 15.
num_arena_births: 1382.
num_arena_deaths: 0.
num_vsnodes_births: 4.
num_vsnodes_deaths: 0.
num_space_committed: 2392.
num_space_uncommitted: 0.
num_chunks_returned_to_freelist: 15.
num_chunks_taken_from_freelist: 7345.
num_chunk_merges: 15.
num_chunk_splits: 5336.
num_chunks_enlarged: 4097.
num_inconsistent_stats: 0.

CodeHeap 'non-profiled nmethods': size=120000Kb used=11235Kb max_used=11235Kb free=108764Kb
 bounds [0x00000227e0c70000, 0x00000227e1770000, 0x00000227e81a0000]
CodeHeap 'profiled nmethods': size=120000Kb used=39735Kb max_used=39735Kb free=80264Kb
 bounds [0x00000227d91a0000, 0x00000227db870000, 0x00000227e06d0000]
CodeHeap 'non-nmethods': size=5760Kb used=1944Kb max_used=2007Kb free=3815Kb
 bounds [0x00000227e06d0000, 0x00000227e0940000, 0x00000227e0c70000]
 total_blobs=18229 nmethods=17190 adapters=945
 compilation: enabled
              stopped_count=0, restarted_count=0
 full_count=0

Compilation events (20 events):
Event: 25.099 Thread 0x00000227f912b140 nmethod 19906 0x00000227e1765b10 code [0x00000227e1765ca0, 0x00000227e1765d78]
Event: 25.099 Thread 0x00000227f912b140 19907       3       com.google.common.base.Suppliers::memoize (43 bytes)
Event: 25.099 Thread 0x00000227f912b140 nmethod 19907 0x00000227db86c590 code [0x00000227db86c7a0, 0x00000227db86d158]
Event: 25.099 Thread 0x00000227f912b140 19908       3       com.google.common.base.Suppliers$NonSerializableMemoizingSupplier::<init> (16 bytes)
Event: 25.099 Thread 0x00000227f912b140 nmethod 19908 0x00000227db86d390 code [0x00000227db86d560, 0x00000227db86d9a8]
Event: 25.099 Thread 0x00000227f912b140 19909       3       org.gradle.api.internal.provider.ValueSupplier$SideEffect::fixedFrom (27 bytes)
Event: 25.100 Thread 0x00000227f912b140 nmethod 19909 0x00000227db86db10 code [0x00000227db86dd00, 0x00000227db86e1b8]
Event: 25.101 Thread 0x00000227fdc82580 nmethod 19879 0x00000227e1765e10 code [0x00000227e1766020, 0x00000227e1766e38]
Event: 25.101 Thread 0x00000227fdc82580 19894       4       org.gradle.tooling.internal.provider.runner.TaskOperationMapper$PostProcessors::finished (43 bytes)
Event: 25.104 Thread 0x00000227fdc82580 nmethod 19894 0x00000227e1767610 code [0x00000227e17677a0, 0x00000227e1767918]
Event: 25.104 Thread 0x00000227fdc82580 19897       4       org.gradle.tooling.internal.provider.runner.TaskOperationMapper$PostProcessors::started (43 bytes)
Event: 25.106 Thread 0x00000227fdc82580 nmethod 19897 0x00000227e1767b10 code [0x00000227e1767ca0, 0x00000227e1767dc8]
Event: 25.106 Thread 0x00000227fdc82580 19895       4       org.gradle.api.internal.tasks.compile.tooling.JavaCompileTaskSuccessResultPostProcessor::finished (86 bytes)
Event: 25.107 Thread 0x00000227fdc82580 nmethod 19895 0x00000227e1767f90 code [0x00000227e1768100, 0x00000227e17681f8]
Event: 25.107 Thread 0x00000227fdc82580 19896       4       org.gradle.tooling.internal.provider.runner.PluginApplicationTracker::discardState (15 bytes)
Event: 25.107 Thread 0x00000227f912b140 19910       1       org.gradle.api.internal.file.DefaultProjectLayout::getBuildDirectory (5 bytes)
Event: 25.107 Thread 0x00000227f912b140 nmethod 19910 0x00000227e1768310 code [0x00000227e17684a0, 0x00000227e1768578]
Event: 25.108 Thread 0x00000227fdc82580 nmethod 19896 0x00000227e1768610 code [0x00000227e17687a0, 0x00000227e1768888]
Event: 25.108 Thread 0x00000227fdc82580 19892       4       org.gradle.internal.instantiation.generator.AbstractClassGenerator::isPropertyType (33 bytes)
Event: 25.109 Thread 0x00000227fdc82580 nmethod 19892 0x00000227e1768990 code [0x00000227e1768b00, 0x00000227e1768c18]

GC Heap History (20 events):
Event: 14.638 GC heap after
{Heap after GC invocations=30 (full 0):
 garbage-first heap   total 200704K, used 96944K [0x0000000700000000, 0x0000000800000000)
  region size 2048K, 6 young (12288K), 6 survivors (12288K)
 Metaspace       used 110849K, committed 111552K, reserved 1179648K
  class space    used 14231K, committed 14528K, reserved 1048576K
}
Event: 15.019 GC heap before
{Heap before GC invocations=30 (full 0):
 garbage-first heap   total 200704K, used 158384K [0x0000000700000000, 0x0000000800000000)
  region size 2048K, 36 young (73728K), 6 survivors (12288K)
 Metaspace       used 111392K, committed 112192K, reserved 1179648K
  class space    used 14258K, committed 14592K, reserved 1048576K
}
Event: 15.029 GC heap after
{Heap after GC invocations=31 (full 0):
 garbage-first heap   total 401408K, used 99263K [0x0000000700000000, 0x0000000800000000)
  region size 2048K, 3 young (6144K), 3 survivors (6144K)
 Metaspace       used 111392K, committed 112192K, reserved 1179648K
  class space    used 14258K, committed 14592K, reserved 1048576K
}
Event: 16.113 GC heap before
{Heap before GC invocations=31 (full 0):
 garbage-first heap   total 401408K, used 302015K [0x0000000700000000, 0x0000000800000000)
  region size 2048K, 100 young (204800K), 3 survivors (6144K)
 Metaspace       used 111929K, committed 112640K, reserved 1179648K
  class space    used 14317K, committed 14656K, reserved 1048576K
}
Event: 16.131 GC heap after
{Heap after GC invocations=32 (full 0):
 garbage-first heap   total 401408K, used 135885K [0x0000000700000000, 0x0000000800000000)
  region size 2048K, 13 young (26624K), 13 survivors (26624K)
 Metaspace       used 111929K, committed 112640K, reserved 1179648K
  class space    used 14317K, committed 14656K, reserved 1048576K
}
Event: 17.468 GC heap before
{Heap before GC invocations=32 (full 0):
 garbage-first heap   total 401408K, used 303821K [0x0000000700000000, 0x0000000800000000)
  region size 2048K, 94 young (192512K), 13 survivors (26624K)
 Metaspace       used 119063K, committed 119872K, reserved 1179648K
  class space    used 15173K, committed 15552K, reserved 1048576K
}
Event: 17.483 GC heap after
{Heap after GC invocations=33 (full 0):
 garbage-first heap   total 401408K, used 154380K [0x0000000700000000, 0x0000000800000000)
  region size 2048K, 9 young (18432K), 9 survivors (18432K)
 Metaspace       used 119063K, committed 119872K, reserved 1179648K
  class space    used 15173K, committed 15552K, reserved 1048576K
}
Event: 18.100 GC heap before
{Heap before GC invocations=33 (full 0):
 garbage-first heap   total 401408K, used 213772K [0x0000000700000000, 0x0000000800000000)
  region size 2048K, 40 young (81920K), 9 survivors (18432K)
 Metaspace       used 123474K, committed 124288K, reserved 1179648K
  class space    used 15750K, committed 16128K, reserved 1048576K
}
Event: 18.108 GC heap after
{Heap after GC invocations=34 (full 0):
 garbage-first heap   total 401408K, used 161441K [0x0000000700000000, 0x0000000800000000)
  region size 2048K, 4 young (8192K), 4 survivors (8192K)
 Metaspace       used 123474K, committed 124288K, reserved 1179648K
  class space    used 15750K, committed 16128K, reserved 1048576K
}
Event: 19.638 GC heap before
{Heap before GC invocations=35 (full 0):
 garbage-first heap   total 401408K, used 315041K [0x0000000700000000, 0x0000000800000000)
  region size 2048K, 77 young (157696K), 4 survivors (8192K)
 Metaspace       used 131928K, committed 132864K, reserved 1179648K
  class space    used 16893K, committed 17344K, reserved 1048576K
}
Event: 19.648 GC heap after
{Heap after GC invocations=36 (full 0):
 garbage-first heap   total 401408K, used 175358K [0x0000000700000000, 0x0000000800000000)
  region size 2048K, 9 young (18432K), 9 survivors (18432K)
 Metaspace       used 131928K, committed 132864K, reserved 1179648K
  class space    used 16893K, committed 17344K, reserved 1048576K
}
Event: 19.671 GC heap before
{Heap before GC invocations=36 (full 0):
 garbage-first heap   total 401408K, used 177406K [0x0000000700000000, 0x0000000800000000)
  region size 2048K, 10 young (20480K), 9 survivors (18432K)
 Metaspace       used 131934K, committed 132864K, reserved 1179648K
  class space    used 16893K, committed 17344K, reserved 1048576K
}
Event: 19.678 GC heap after
{Heap after GC invocations=37 (full 0):
 garbage-first heap   total 401408K, used 170750K [0x0000000700000000, 0x0000000800000000)
  region size 2048K, 1 young (2048K), 1 survivors (2048K)
 Metaspace       used 131934K, committed 132864K, reserved 1179648K
  class space    used 16893K, committed 17344K, reserved 1048576K
}
Event: 21.092 GC heap before
{Heap before GC invocations=37 (full 0):
 garbage-first heap   total 401408K, used 316158K [0x0000000700000000, 0x0000000800000000)
  region size 2048K, 72 young (147456K), 1 survivors (2048K)
 Metaspace       used 133158K, committed 134016K, reserved 1179648K
  class space    used 16930K, committed 17344K, reserved 1048576K
}
Event: 21.102 GC heap after
{Heap after GC invocations=38 (full 0):
 garbage-first heap   total 401408K, used 185978K [0x0000000700000000, 0x0000000800000000)
  region size 2048K, 9 young (18432K), 9 survivors (18432K)
 Metaspace       used 133158K, committed 134016K, reserved 1179648K
  class space    used 16930K, committed 17344K, reserved 1048576K
}
Event: 23.053 GC heap before
{Heap before GC invocations=39 (full 0):
 garbage-first heap   total 401408K, used 315002K [0x0000000700000000, 0x0000000800000000)
  region size 2048K, 73 young (149504K), 9 survivors (18432K)
 Metaspace       used 141722K, committed 142592K, reserved 1179648K
  class space    used 18191K, committed 18624K, reserved 1048576K
}
Event: 23.066 GC heap after
{Heap after GC invocations=40 (full 0):
 garbage-first heap   total 401408K, used 190616K [0x0000000700000000, 0x0000000800000000)
  region size 2048K, 4 young (8192K), 4 survivors (8192K)
 Metaspace       used 141722K, committed 142592K, reserved 1179648K
  class space    used 18191K, committed 18624K, reserved 1048576K
}
Event: 23.174 GC heap before
{Heap before GC invocations=40 (full 0):
 garbage-first heap   total 401408K, used 200856K [0x0000000700000000, 0x0000000800000000)
  region size 2048K, 9 young (18432K), 4 survivors (8192K)
 Metaspace       used 142425K, committed 143296K, reserved 1179648K
  class space    used 18285K, committed 18688K, reserved 1048576K
}
Event: 23.181 GC heap after
{Heap after GC invocations=41 (full 0):
 garbage-first heap   total 401408K, used 179426K [0x0000000700000000, 0x0000000800000000)
  region size 2048K, 1 young (2048K), 1 survivors (2048K)
 Metaspace       used 142425K, committed 143296K, reserved 1179648K
  class space    used 18285K, committed 18688K, reserved 1048576K
}
Event: 25.109 GC heap before
{Heap before GC invocations=41 (full 0):
 garbage-first heap   total 401408K, used 320738K [0x0000000700000000, 0x0000000800000000)
  region size 2048K, 70 young (143360K), 1 survivors (2048K)
 Metaspace       used 152214K, committed 153216K, reserved 1245184K
  class space    used 19676K, committed 20160K, reserved 1048576K
}

Dll operation events (14 events):
Event: 0.011 Loaded shared library C:\Program Files\Eclipse Adoptium\jdk-17.0.8.101-hotspot\bin\java.dll
Event: 0.029 Loaded shared library C:\Program Files\Eclipse Adoptium\jdk-17.0.8.101-hotspot\bin\jsvml.dll
Event: 0.075 Loaded shared library C:\Program Files\Eclipse Adoptium\jdk-17.0.8.101-hotspot\bin\zip.dll
Event: 0.079 Loaded shared library C:\Program Files\Eclipse Adoptium\jdk-17.0.8.101-hotspot\bin\instrument.dll
Event: 0.083 Loaded shared library C:\Program Files\Eclipse Adoptium\jdk-17.0.8.101-hotspot\bin\net.dll
Event: 0.084 Loaded shared library C:\Program Files\Eclipse Adoptium\jdk-17.0.8.101-hotspot\bin\nio.dll
Event: 0.086 Loaded shared library C:\Program Files\Eclipse Adoptium\jdk-17.0.8.101-hotspot\bin\zip.dll
Event: 0.312 Loaded shared library C:\Program Files\Eclipse Adoptium\jdk-17.0.8.101-hotspot\bin\jimage.dll
Event: 0.479 Loaded shared library C:\Program Files\Eclipse Adoptium\jdk-17.0.8.101-hotspot\bin\verify.dll
Event: 0.627 Loaded shared library C:\Users\DELL\.gradle\native\c067742578af261105cb4f569cf0c3c89f3d7b1fecec35dd04571415982c5e48\windows-amd64\native-platform.dll
Event: 0.632 Loaded shared library C:\Users\DELL\.gradle\native\100fb08df4bc3b14c8652ba06237920a3bd2aa13389f12d3474272988ae205f9\windows-amd64\native-platform-file-events.dll
Event: 1.564 Loaded shared library C:\Program Files\Eclipse Adoptium\jdk-17.0.8.101-hotspot\bin\management.dll
Event: 1.567 Loaded shared library C:\Program Files\Eclipse Adoptium\jdk-17.0.8.101-hotspot\bin\management_ext.dll
Event: 1.935 Loaded shared library C:\Program Files\Eclipse Adoptium\jdk-17.0.8.101-hotspot\bin\sunmscapi.dll

Deoptimization events (20 events):
Event: 24.985 Thread 0x00000227fb509a30 Uncommon trap: trap_request=0xffffffd6 fr.pc=0x00000227e17564e0 relative=0x0000000000000e20
Event: 24.985 Thread 0x00000227fb509a30 Uncommon trap: reason=array_check action=maybe_recompile pc=0x00000227e17564e0 method=com.google.common.collect.RegularImmutableMap.fromEntryArrayCheckingBucketOverflow(I[Ljava/util/Map$Entry;Z)Lcom/google/common/collect/ImmutableMap; @ 220 c2
Event: 24.985 Thread 0x00000227fb509a30 DEOPT PACKING pc=0x00000227e17564e0 sp=0x000000f9c27f9a40
Event: 24.985 Thread 0x00000227fb509a30 DEOPT UNPACKING pc=0x00000227e072a1a3 sp=0x000000f9c27f9910 mode 2
Event: 24.989 Thread 0x00000227fb509a30 Uncommon trap: trap_request=0xffffffd6 fr.pc=0x00000227e15a9484 relative=0x0000000000000b64
Event: 24.989 Thread 0x00000227fb509a30 Uncommon trap: reason=array_check action=maybe_recompile pc=0x00000227e15a9484 method=com.google.common.collect.RegularImmutableMap.fromEntryArrayCheckingBucketOverflow(I[Ljava/util/Map$Entry;Z)Lcom/google/common/collect/ImmutableMap; @ 220 c2
Event: 24.989 Thread 0x00000227fb509a30 DEOPT PACKING pc=0x00000227e15a9484 sp=0x000000f9c27f9a10
Event: 24.989 Thread 0x00000227fb509a30 DEOPT UNPACKING pc=0x00000227e072a1a3 sp=0x000000f9c27f99b8 mode 2
Event: 24.997 Thread 0x00000227fb509a30 Uncommon trap: trap_request=0xffffffd6 fr.pc=0x00000227e1757c84 relative=0x00000000000006c4
Event: 24.997 Thread 0x00000227fb509a30 Uncommon trap: reason=array_check action=maybe_recompile pc=0x00000227e1757c84 method=java.util.TimSort.binarySort([Ljava/lang/Object;IIILjava/util/Comparator;)V @ 215 c2
Event: 24.997 Thread 0x00000227fb509a30 DEOPT PACKING pc=0x00000227e1757c84 sp=0x000000f9c27f93a0
Event: 24.997 Thread 0x00000227fb509a30 DEOPT UNPACKING pc=0x00000227e072a1a3 sp=0x000000f9c27f9358 mode 2
Event: 24.999 Thread 0x00000227fb509a30 Uncommon trap: trap_request=0xffffffd6 fr.pc=0x00000227e1757c84 relative=0x00000000000006c4
Event: 24.999 Thread 0x00000227fb509a30 Uncommon trap: reason=array_check action=maybe_recompile pc=0x00000227e1757c84 method=java.util.TimSort.binarySort([Ljava/lang/Object;IIILjava/util/Comparator;)V @ 215 c2
Event: 24.999 Thread 0x00000227fb509a30 DEOPT PACKING pc=0x00000227e1757c84 sp=0x000000f9c27f9920
Event: 24.999 Thread 0x00000227fb509a30 DEOPT UNPACKING pc=0x00000227e072a1a3 sp=0x000000f9c27f98d8 mode 2
Event: 25.022 Thread 0x00000227fb509a30 Uncommon trap: trap_request=0xffffffd6 fr.pc=0x00000227e1754708 relative=0x00000000000007e8
Event: 25.022 Thread 0x00000227fb509a30 Uncommon trap: reason=array_check action=maybe_recompile pc=0x00000227e1754708 method=java.util.TimSort.reverseRange([Ljava/lang/Object;II)V @ 27 c2
Event: 25.022 Thread 0x00000227fb509a30 DEOPT PACKING pc=0x00000227e1754708 sp=0x000000f9c27f93e0
Event: 25.022 Thread 0x00000227fb509a30 DEOPT UNPACKING pc=0x00000227e072a1a3 sp=0x000000f9c27f9320 mode 2

Classes unloaded (0 events):
No events

Classes redefined (0 events):
No events

Internal exceptions (20 events):
Event: 23.389 Thread 0x00000227fb509a30 Exception <a 'java/lang/ClassNotFoundException'{0x00000007173d7540}: com/android/build/gradle/internal/api/ReadOnlyBuildTypeBeanInfo> (0x00000007173d7540) 
thrown [s\src\hotspot\share\classfile\systemDictionary.cpp, line 256]
Event: 23.390 Thread 0x00000227fb509a30 Exception <a 'java/lang/ClassNotFoundException'{0x00000007173e6868}: com/android/build/gradle/internal/api/ReadOnlyBaseConfigBeanInfo> (0x00000007173e6868) 
thrown [s\src\hotspot\share\classfile\systemDictionary.cpp, line 256]
Event: 23.390 Thread 0x00000227fb509a30 Exception <a 'java/lang/ClassNotFoundException'{0x00000007173f5bb8}: com/android/build/gradle/internal/api/ReadOnlyBaseConfigCustomizer> (0x00000007173f5bb8) 
thrown [s\src\hotspot\share\classfile\systemDictionary.cpp, line 256]
Event: 23.391 Thread 0x00000227fb509a30 Exception <a 'java/lang/ClassNotFoundException'{0x0000000717015f38}: com/android/build/gradle/internal/api/ReadOnlyBuildTypeCustomizer> (0x0000000717015f38) 
thrown [s\src\hotspot\share\classfile\systemDictionary.cpp, line 256]
Event: 23.934 Thread 0x00000227fb509a30 Implicit null exception at 0x00000227e163b90e to 0x00000227e163c160
Event: 23.934 Thread 0x00000227fb509a30 Implicit null exception at 0x00000227e147195c to 0x00000227e14719ec
Event: 23.934 Thread 0x00000227fb509a30 Implicit null exception at 0x00000227e163b90e to 0x00000227e163c160
Event: 23.934 Thread 0x00000227fb509a30 Implicit null exception at 0x00000227e163b90e to 0x00000227e163c160
Event: 23.935 Thread 0x00000227fb509a30 Implicit null exception at 0x00000227e163b90e to 0x00000227e163c160
Event: 24.018 Thread 0x00000227fb509a30 Implicit null exception at 0x00000227e16b9301 to 0x00000227e16b9a5c
Event: 24.150 Thread 0x00000227fb509a30 Exception <a 'java/lang/NoSuchMethodError'{0x0000000713f524e0}: 'java.lang.Object java.lang.invoke.DirectMethodHandle$Holder.newInvokeSpecial(java.lang.Object, java.lang.Object, java.lang.Object, java.lang.Object, java.lang.Object, java.lang.Object, int)'> (0x0000000713f524e0) 
thrown [s\src\hotspot\share\interpreter\linkResolver.cpp, line 759]
Event: 24.151 Thread 0x00000227fb509a30 Exception <a 'java/lang/NoSuchMethodError'{0x0000000713f57890}: 'java.lang.Object java.lang.invoke.DirectMethodHandle$Holder.invokeSpecial(java.lang.Object, java.lang.Object, java.lang.Object, java.lang.Object, java.lang.Object, java.lang.Object, java.lang.Object, int)'> (0x0000000713f57890) 
thrown [s\src\hotspot\share\interpreter\linkResolver.cpp, line 759]
Event: 24.151 Thread 0x00000227fb509a30 Exception <a 'java/lang/NoSuchMethodError'{0x0000000713f5c910}: 'java.lang.Object java.lang.invoke.Invokers$Holder.linkToTargetMethod(java.lang.Object, java.lang.Object, java.lang.Object, java.lang.Object, java.lang.Object, int, java.lang.Object)'> (0x0000000713f5c910) 
thrown [s\src\hotspot\share\interpreter\linkResolver.cpp, line 759]
Event: 24.325 Thread 0x00000227fb509a30 Exception <a 'sun/nio/fs/WindowsException'{0x00000007130c8a90}> (0x00000007130c8a90) 
thrown [s\src\hotspot\share\prims\jni.cpp, line 516]
Event: 24.357 Thread 0x00000227fb509a30 Exception <a 'sun/nio/fs/WindowsException'{0x0000000712c03b88}> (0x0000000712c03b88) 
thrown [s\src\hotspot\share\prims\jni.cpp, line 516]
Event: 24.357 Thread 0x00000227fb509a30 Exception <a 'sun/nio/fs/WindowsException'{0x0000000712c051b0}> (0x0000000712c051b0) 
thrown [s\src\hotspot\share\prims\jni.cpp, line 516]
Event: 24.357 Thread 0x00000227fb509a30 Exception <a 'sun/nio/fs/WindowsException'{0x0000000712c06828}> (0x0000000712c06828) 
thrown [s\src\hotspot\share\prims\jni.cpp, line 516]
Event: 24.358 Thread 0x00000227fb509a30 Exception <a 'sun/nio/fs/WindowsException'{0x0000000712c07ea0}> (0x0000000712c07ea0) 
thrown [s\src\hotspot\share\prims\jni.cpp, line 516]
Event: 24.494 Thread 0x00000227fb509a30 Exception <a 'java/lang/NullPointerException'{0x000000071202df30}> (0x000000071202df30) 
thrown [s\src\hotspot\share\interpreter\linkResolver.cpp, line 1433]
Event: 24.668 Thread 0x00000227fb509a30 Implicit null exception at 0x00000227e0de2631 to 0x00000227e0de3c64

VM Operations (20 events):
Event: 23.066 Executing VM operation: G1CollectForAllocation done
Event: 23.174 Executing VM operation: G1CollectForAllocation
Event: 23.181 Executing VM operation: G1CollectForAllocation done
Event: 23.780 Executing VM operation: HandshakeAllThreads
Event: 23.780 Executing VM operation: HandshakeAllThreads done
Event: 23.880 Executing VM operation: ICBufferFull
Event: 23.880 Executing VM operation: ICBufferFull done
Event: 24.118 Executing VM operation: ICBufferFull
Event: 24.118 Executing VM operation: ICBufferFull done
Event: 24.717 Executing VM operation: ICBufferFull
Event: 24.717 Executing VM operation: ICBufferFull done
Event: 24.860 Executing VM operation: HandshakeAllThreads
Event: 24.861 Executing VM operation: HandshakeAllThreads done
Event: 24.915 Executing VM operation: HandshakeAllThreads
Event: 24.916 Executing VM operation: HandshakeAllThreads done
Event: 24.982 Executing VM operation: HandshakeAllThreads
Event: 24.982 Executing VM operation: HandshakeAllThreads done
Event: 24.997 Executing VM operation: ICBufferFull
Event: 24.998 Executing VM operation: ICBufferFull done
Event: 25.109 Executing VM operation: G1CollectForAllocation

Events (20 events):
Event: 24.903 loading class javax/xml/datatype/DatatypeConfigurationException done
Event: 24.905 loading class jdk/internal/reflect/UnsafeBooleanFieldAccessorImpl
Event: 24.906 loading class jdk/internal/reflect/UnsafeBooleanFieldAccessorImpl done
Event: 24.906 loading class jdk/internal/reflect/UnsafeIntegerFieldAccessorImpl
Event: 24.906 loading class jdk/internal/reflect/UnsafeIntegerFieldAccessorImpl done
Event: 24.909 loading class com/sun/org/apache/xerces/internal/impl/io/MalformedByteSequenceException
Event: 24.909 loading class com/sun/org/apache/xerces/internal/impl/io/MalformedByteSequenceException done
Event: 24.986 Thread 0x00000227f9134770 flushing nmethod 0x00000227e15a7890
Event: 24.990 Thread 0x00000227f9134770 flushing nmethod 0x00000227d948aa10
Event: 24.995 Thread 0x00000227f9134770 flushing nmethod 0x00000227d9a1a110
Event: 24.996 Thread 0x00000227f9134770 flushing nmethod 0x00000227d9af2810
Event: 24.996 Thread 0x00000227f9134770 flushing nmethod 0x00000227d9b97c90
Event: 24.996 Thread 0x00000227f9134770 flushing nmethod 0x00000227d9b98390
Event: 24.999 Thread 0x00000227f9134770 flushing nmethod 0x00000227d9e9e690
Event: 24.999 Thread 0x00000227f9134770 flushing nmethod 0x00000227d9ea2290
Event: 24.999 Thread 0x00000227f9134770 flushing nmethod 0x00000227d9ea4890
Event: 24.999 Thread 0x00000227f9134770 flushing nmethod 0x00000227d9ea6910
Event: 24.999 Thread 0x00000227f9134770 flushing nmethod 0x00000227d9eb1d90
Event: 24.999 Thread 0x00000227f9134770 flushing nmethod 0x00000227d9eb6e10
Event: 24.999 Thread 0x00000227f9134770 flushing nmethod 0x00000227d9eda310


Dynamic libraries:
0x00007ff69c380000 - 0x00007ff69c38e000 	C:\Program Files\Eclipse Adoptium\jdk-17.0.8.101-hotspot\bin\java.exe
0x00007fffe76d0000 - 0x00007fffe78e7000 	C:\WINDOWS\SYSTEM32\ntdll.dll
0x00007fffe6b70000 - 0x00007fffe6c34000 	C:\WINDOWS\System32\KERNEL32.DLL
0x00007fffe4c50000 - 0x00007fffe5023000 	C:\WINDOWS\System32\KERNELBASE.dll
0x00007fffe5030000 - 0x00007fffe5141000 	C:\WINDOWS\System32\ucrtbase.dll
0x00007fffbb7a0000 - 0x00007fffbb7b9000 	C:\Program Files\Eclipse Adoptium\jdk-17.0.8.101-hotspot\bin\VCRUNTIME140.dll
0x00007fffbe5b0000 - 0x00007fffbe5c7000 	C:\Program Files\Eclipse Adoptium\jdk-17.0.8.101-hotspot\bin\jli.dll
0x00007fffe5e30000 - 0x00007fffe5fe1000 	C:\WINDOWS\System32\USER32.dll
0x00007fffc92e0000 - 0x00007fffc9578000 	C:\WINDOWS\WinSxS\amd64_microsoft.windows.common-controls_6595b64144ccf1df_6.0.22621.5124_none_270e8f4f7386d69d\COMCTL32.dll
0x00007fffe5340000 - 0x00007fffe5366000 	C:\WINDOWS\System32\win32u.dll
0x00007fffe7320000 - 0x00007fffe73c7000 	C:\WINDOWS\System32\msvcrt.dll
0x00007fffe7260000 - 0x00007fffe7289000 	C:\WINDOWS\System32\GDI32.dll
0x00007fffe4b30000 - 0x00007fffe4c4b000 	C:\WINDOWS\System32\gdi32full.dll
0x00007fffe4a90000 - 0x00007fffe4b2a000 	C:\WINDOWS\System32\msvcp_win.dll
0x00007fffe6c50000 - 0x00007fffe6c81000 	C:\WINDOWS\System32\IMM32.DLL
0x00007fffcbd90000 - 0x00007fffcbd9c000 	C:\Program Files\Eclipse Adoptium\jdk-17.0.8.101-hotspot\bin\vcruntime140_1.dll
0x00007fff7d810000 - 0x00007fff7d8a1000 	C:\Program Files\Eclipse Adoptium\jdk-17.0.8.101-hotspot\bin\msvcp140.dll
0x00007fff472d0000 - 0x00007fff47f1c000 	C:\Program Files\Eclipse Adoptium\jdk-17.0.8.101-hotspot\bin\server\jvm.dll
0x00007fffe6ec0000 - 0x00007fffe6f71000 	C:\WINDOWS\System32\ADVAPI32.dll
0x00007fffe57f0000 - 0x00007fffe5898000 	C:\WINDOWS\System32\sechost.dll
0x00007fffe5150000 - 0x00007fffe5178000 	C:\WINDOWS\System32\bcrypt.dll
0x00007fffe6da0000 - 0x00007fffe6eb4000 	C:\WINDOWS\System32\RPCRT4.dll
0x00007fffcb780000 - 0x00007fffcb789000 	C:\WINDOWS\SYSTEM32\WSOCK32.dll
0x00007fffe0110000 - 0x00007fffe0144000 	C:\WINDOWS\SYSTEM32\WINMM.dll
0x00007fffe46b0000 - 0x00007fffe46fd000 	C:\WINDOWS\SYSTEM32\POWRPROF.dll
0x00007fffe5db0000 - 0x00007fffe5e21000 	C:\WINDOWS\System32\WS2_32.dll
0x00007fffdfd00000 - 0x00007fffdfd0a000 	C:\WINDOWS\SYSTEM32\VERSION.dll
0x00007fffe45e0000 - 0x00007fffe45f3000 	C:\WINDOWS\SYSTEM32\UMPDC.dll
0x00007fffe37f0000 - 0x00007fffe3808000 	C:\WINDOWS\SYSTEM32\kernel.appcore.dll
0x00007fffca990000 - 0x00007fffca99a000 	C:\Program Files\Eclipse Adoptium\jdk-17.0.8.101-hotspot\bin\jimage.dll
0x00007fffe1e60000 - 0x00007fffe2092000 	C:\WINDOWS\SYSTEM32\DBGHELP.DLL
0x00007fffe5a10000 - 0x00007fffe5da2000 	C:\WINDOWS\System32\combase.dll
0x00007fffe75b0000 - 0x00007fffe7687000 	C:\WINDOWS\System32\OLEAUT32.dll
0x00007fffaebc0000 - 0x00007fffaebf2000 	C:\WINDOWS\SYSTEM32\dbgcore.DLL
0x00007fffe52c0000 - 0x00007fffe533b000 	C:\WINDOWS\System32\bcryptPrimitives.dll
0x00007fffbeff0000 - 0x00007fffbeffe000 	C:\Program Files\Eclipse Adoptium\jdk-17.0.8.101-hotspot\bin\instrument.dll
0x00007fffb9ae0000 - 0x00007fffb9b05000 	C:\Program Files\Eclipse Adoptium\jdk-17.0.8.101-hotspot\bin\java.dll
0x00007fff73ce0000 - 0x00007fff73db6000 	C:\Program Files\Eclipse Adoptium\jdk-17.0.8.101-hotspot\bin\jsvml.dll
0x00007fffe61c0000 - 0x00007fffe6a56000 	C:\WINDOWS\System32\SHELL32.dll
0x00007fffe47e0000 - 0x00007fffe491f000 	C:\WINDOWS\System32\wintypes.dll
0x00007fffe26b0000 - 0x00007fffe2fca000 	C:\WINDOWS\SYSTEM32\windows.storage.dll
0x00007fffe5ff0000 - 0x00007fffe60fa000 	C:\WINDOWS\System32\SHCORE.dll
0x00007fffe6100000 - 0x00007fffe6163000 	C:\WINDOWS\System32\shlwapi.dll
0x00007fffe4710000 - 0x00007fffe473b000 	C:\WINDOWS\SYSTEM32\profapi.dll
0x00007fffac720000 - 0x00007fffac738000 	C:\Program Files\Eclipse Adoptium\jdk-17.0.8.101-hotspot\bin\zip.dll
0x00007fffbb780000 - 0x00007fffbb799000 	C:\Program Files\Eclipse Adoptium\jdk-17.0.8.101-hotspot\bin\net.dll
0x00007fffe1300000 - 0x00007fffe142c000 	C:\WINDOWS\SYSTEM32\WINHTTP.dll
0x00007fffe3c90000 - 0x00007fffe3cfa000 	C:\WINDOWS\system32\mswsock.dll
0x00007fffb45a0000 - 0x00007fffb45b5000 	C:\Program Files\Eclipse Adoptium\jdk-17.0.8.101-hotspot\bin\nio.dll
0x00007fffc41d0000 - 0x00007fffc41e0000 	C:\Program Files\Eclipse Adoptium\jdk-17.0.8.101-hotspot\bin\verify.dll
0x00007fffd9370000 - 0x00007fffd9397000 	C:\Users\DELL\.gradle\native\c067742578af261105cb4f569cf0c3c89f3d7b1fecec35dd04571415982c5e48\windows-amd64\native-platform.dll
0x00007fffbd2f0000 - 0x00007fffbd434000 	C:\Users\DELL\.gradle\native\100fb08df4bc3b14c8652ba06237920a3bd2aa13389f12d3474272988ae205f9\windows-amd64\native-platform-file-events.dll
0x00007fffbfcf0000 - 0x00007fffbfcf9000 	C:\Program Files\Eclipse Adoptium\jdk-17.0.8.101-hotspot\bin\management.dll
0x00007fffbf570000 - 0x00007fffbf57b000 	C:\Program Files\Eclipse Adoptium\jdk-17.0.8.101-hotspot\bin\management_ext.dll
0x00007fffe6c40000 - 0x00007fffe6c48000 	C:\WINDOWS\System32\PSAPI.DLL
0x00007fffe3ee0000 - 0x00007fffe3efb000 	C:\WINDOWS\SYSTEM32\CRYPTSP.dll
0x00007fffe3750000 - 0x00007fffe3787000 	C:\WINDOWS\system32\rsaenh.dll
0x00007fffe3d80000 - 0x00007fffe3da8000 	C:\WINDOWS\SYSTEM32\USERENV.dll
0x00007fffe3f00000 - 0x00007fffe3f0c000 	C:\WINDOWS\SYSTEM32\CRYPTBASE.dll
0x00007fffe3230000 - 0x00007fffe325d000 	C:\WINDOWS\SYSTEM32\IPHLPAPI.DLL
0x00007fffe7310000 - 0x00007fffe7319000 	C:\WINDOWS\System32\NSI.dll
0x00007fffe00f0000 - 0x00007fffe0109000 	C:\WINDOWS\SYSTEM32\dhcpcsvc6.DLL
0x00007fffe00d0000 - 0x00007fffe00ef000 	C:\WINDOWS\SYSTEM32\dhcpcsvc.DLL
0x00007fffe32a0000 - 0x00007fffe33a2000 	C:\WINDOWS\SYSTEM32\DNSAPI.dll
0x00007fffbd2e0000 - 0x00007fffbd2ee000 	C:\Program Files\Eclipse Adoptium\jdk-17.0.8.101-hotspot\bin\sunmscapi.dll
0x00007fffe4920000 - 0x00007fffe4a87000 	C:\WINDOWS\System32\CRYPT32.dll
0x00007fffe40a0000 - 0x00007fffe40cd000 	C:\WINDOWS\SYSTEM32\ncrypt.dll
0x00007fffe4060000 - 0x00007fffe4097000 	C:\WINDOWS\SYSTEM32\NTASN1.dll
0x00007fffd8990000 - 0x00007fffd8998000 	C:\WINDOWS\system32\wshunix.dll
0x00007fffd9a60000 - 0x00007fffd9a77000 	C:\WINDOWS\system32\napinsp.dll
0x00007fffd9a40000 - 0x00007fffd9a5b000 	C:\WINDOWS\system32\pnrpnsp.dll
0x00007fffd9a20000 - 0x00007fffd9a31000 	C:\WINDOWS\System32\winrnr.dll
0x00007fffa8280000 - 0x00007fffa8295000 	C:\WINDOWS\system32\wshbth.dll
0x00007fffd6e80000 - 0x00007fffd6ea7000 	C:\WINDOWS\system32\nlansp_c.dll
0x00007fffdfb80000 - 0x00007fffdfb8a000 	C:\Windows\System32\rasadhlp.dll
0x00007fffdde80000 - 0x00007fffddf03000 	C:\WINDOWS\System32\fwpuclnt.dll

dbghelp: loaded successfully - version: 4.0.5 - missing functions: none
symbol engine: initialized successfully - sym options: 0x614 - pdb path: .;C:\Program Files\Eclipse Adoptium\jdk-17.0.8.101-hotspot\bin;C:\WINDOWS\SYSTEM32;C:\WINDOWS\WinSxS\amd64_microsoft.windows.common-controls_6595b64144ccf1df_6.0.22621.5124_none_270e8f4f7386d69d;C:\Program Files\Eclipse Adoptium\jdk-17.0.8.101-hotspot\bin\server;C:\Users\DELL\.gradle\native\c067742578af261105cb4f569cf0c3c89f3d7b1fecec35dd04571415982c5e48\windows-amd64;C:\Users\DELL\.gradle\native\100fb08df4bc3b14c8652ba06237920a3bd2aa13389f12d3474272988ae205f9\windows-amd64

VM Arguments:
jvm_args: --add-opens=java.base/java.lang=ALL-UNNAMED --add-opens=java.base/java.lang.invoke=ALL-UNNAMED --add-opens=java.base/java.util=ALL-UNNAMED --add-opens=java.prefs/java.util.prefs=ALL-UNNAMED --add-exports=jdk.compiler/com.sun.tools.javac.api=ALL-UNNAMED --add-exports=jdk.compiler/com.sun.tools.javac.util=ALL-UNNAMED --add-opens=java.base/java.util=ALL-UNNAMED --add-opens=java.prefs/java.util.prefs=ALL-UNNAMED --add-opens=java.base/java.nio.charset=ALL-UNNAMED --add-opens=java.base/java.net=ALL-UNNAMED --add-opens=java.base/java.util.concurrent.atomic=ALL-UNNAMED --add-opens=java.xml/javax.xml.namespace=ALL-UNNAMED -Xmx4g -Dfile.encoding=UTF-8 -Duser.country=US -Duser.language=en -Duser.variant -javaagent:C:\Users\DELL\.gradle\wrapper\dists\gradle-8.11.1-bin\bpt9gzteqjrbo1mjrsomdt32c\gradle-8.11.1\lib\agents\gradle-instrumentation-agent-8.11.1.jar 
java_command: org.gradle.launcher.daemon.bootstrap.GradleDaemon 8.11.1
java_class_path (initial): C:\Users\DELL\.gradle\wrapper\dists\gradle-8.11.1-bin\bpt9gzteqjrbo1mjrsomdt32c\gradle-8.11.1\lib\gradle-daemon-main-8.11.1.jar
Launcher Type: SUN_STANDARD

[Global flags]
     intx CICompilerCount                          = 4                                         {product} {ergonomic}
     uint ConcGCThreads                            = 2                                         {product} {ergonomic}
     uint G1ConcRefinementThreads                  = 8                                         {product} {ergonomic}
   size_t G1HeapRegionSize                         = 2097152                                   {product} {ergonomic}
    uintx GCDrainStackTargetSize                   = 64                                        {product} {ergonomic}
   size_t InitialHeapSize                          = 264241152                                 {product} {ergonomic}
   size_t MarkStackSize                            = 4194304                                   {product} {ergonomic}
   size_t MaxHeapSize                              = 4294967296                                {product} {command line}
   size_t MaxNewSize                               = 2575302656                                {product} {ergonomic}
   size_t MinHeapDeltaBytes                        = 2097152                                   {product} {ergonomic}
   size_t MinHeapSize                              = 8388608                                   {product} {ergonomic}
    uintx NonNMethodCodeHeapSize                   = 5839372                                {pd product} {ergonomic}
    uintx NonProfiledCodeHeapSize                  = 122909434                              {pd product} {ergonomic}
    uintx ProfiledCodeHeapSize                     = 122909434                              {pd product} {ergonomic}
    uintx ReservedCodeCacheSize                    = 251658240                              {pd product} {ergonomic}
     bool SegmentedCodeCache                       = true                                      {product} {ergonomic}
   size_t SoftMaxHeapSize                          = 4294967296                             {manageable} {ergonomic}
     bool UseCompressedClassPointers               = true                           {product lp64_product} {ergonomic}
     bool UseCompressedOops                        = true                           {product lp64_product} {ergonomic}
     bool UseG1GC                                  = true                                      {product} {ergonomic}
     bool UseLargePagesIndividualAllocation        = false                                  {pd product} {ergonomic}

Logging:
Log output configuration:
 #0: stdout all=warning uptime,level,tags
 #1: stderr all=off uptime,level,tags

Environment Variables:
JAVA_HOME=C:\Program Files\Eclipse Adoptium\jdk-17.0.8.101-hotspot\
CLASSPATH=D:\TTT\\gradle\wrapper\gradle-wrapper.jar
PATH=C:\Program Files\Common Files\Oracle\Java\javapath;C:\Program Files\Eclipse Adoptium\jdk-17.0.8.101-hotspot\bin;C:\WINDOWS\system32;C:\WINDOWS;C:\WINDOWS\System32\Wbem;C:\WINDOWS\System32\WindowsPowerShell\v1.0\;C:\WINDOWS\System32\OpenSSH\;C:\Program Files (x86)\Microsoft SQL Server\160\Tools\Binn\;C:\Program Files\Microsoft SQL Server\160\Tools\Binn\;C:\Program Files\Microsoft SQL Server\Client SDK\ODBC\170\Tools\Binn\;C:\Program Files\Microsoft SQL Server\160\DTS\Binn\;C:\Program Files\Azure Data Studio\bin;D:\git\Git\cmd;C:\Program Files\Docker\Docker\resources\bin;C:\jdk-21.0.2\bin;D:\apache-maven-3.9.6-bin\apache-maven-3.9.6\bin;C:\Program Files\nodejs\;C:\Program Files\TortoiseGit\bin;C:\xampp\php;C:\ProgramData\ComposerSetup\bin;C:\Users\DELL\AppData\Local\Programs\Python\Python310\Scripts\;C:\Users\DELL\AppData\Local\Programs\Python\Python310\;C:\Users\DELL\AppData\Local\Microsoft\WindowsApps;C:\Program Files\Azure Data Studio\bin;D:\VS\Microsoft VS Code\bin;C:\jdk-21.0.2\bin;C:\Users\DELL\AppData\Roaming\npm;C:\Users\DELL\AppData\Roaming\Composer\vendor\bin;C:\Program Files\JetBrains\IntelliJ IDEA 2024.3.1\bin;;C:\Users\leanbinh\AppData\Local\Dart_SDK\dartsdk-windows-x64-release\dart-sdk\bin;C:\Users\leanbinh\AppData\Local\Flutter\flutter\bin;D:\cursor\resources\app\bin
USERNAME=DELL
OS=Windows_NT
PROCESSOR_IDENTIFIER=Intel64 Family 6 Model 140 Stepping 1, GenuineIntel
TMP=C:\Users\DELL\AppData\Local\Temp
TEMP=C:\Users\DELL\AppData\Local\Temp



---------------  S Y S T E M  ---------------

OS:
 Windows 11 , 64 bit Build 22621 (10.0.22621.5124)
OS uptime: 6 days 21:11 hours
Hyper-V role detected

CPU: total 8 (initial active 8) (4 cores per cpu, 2 threads per core) family 6 model 140 stepping 1 microcode 0xba, cx8, cmov, fxsr, ht, mmx, 3dnowpref, sse, sse2, sse3, ssse3, sse4.1, sse4.2, popcnt, lzcnt, tsc, tscinvbit, avx, avx2, aes, erms, clmul, bmi1, bmi2, adx, avx512f, avx512dq, avx512cd, avx512bw, avx512vl, sha, fma, vzeroupper, avx512_vpopcntdq, avx512_vpclmulqdq, avx512_vaes, avx512_vnni, clflush, clflushopt, clwb, avx512_vbmi2, avx512_vbmi, hv
Processor Information for all 8 processors :
  Max Mhz: 2419, Current Mhz: 2419, Mhz Limit: 2419

Memory: 4k page, system-wide physical 16106M (1570M free)
TotalPageFile size 18154M (AvailPageFile size 169M)
current process WorkingSet (physical memory assigned to process): 806M, peak: 807M
current process commit charge ("private bytes"): 849M, peak: 1215M

vm_info: OpenJDK 64-Bit Server VM (17.0.8.1+1) for windows-amd64 JRE (17.0.8.1+1), built on Aug 23 2023 15:29:17 by "admin" with MS VC++ 16.7 (VS2019)

END.
